1708944342404	geckodriver	INFO	Listening on 127.0.0.1:55842
1708944345433	mozrunner::runner	INFO	Running command: "C:\\Program Files\\Mozilla Firefox\\firefox.exe" "--marionette" "--remote-debugging-port" "55843" "--remote-allow-hosts" "localhost" "-no-remote" "-profile" "C:\\Users\\SOUNDH~1.MK\\AppData\\Local\\Temp\\rust_mozprofileu6UDeq"
console.warn: services.settings: Ignoring preference override of remote settings server
console.warn: services.settings: Allow by setting MOZ_REMOTE_SETTINGS_DEVTOOLS=1 in the environment
1708944345700	Marionette	INFO	Marionette enabled
Dynamically enable window occlusion 0
1708944345762	Marionette	INFO	Listening on port 55851
WebDriver BiDi listening on ws://127.0.0.1:55843
Read port: 55851
1708944345911	RemoteAgent	WARN	TLS certificate errors will be ignored for this session
DevTools listening on ws://127.0.0.1:55843/devtools/browser/4afce6bc-b62a-47b5-8f36-fc52d0f20ef2
JavaScript warning: https://www.amazon.com/, line 1974: WEBGL_debug_renderer_info is deprecated in Firefox and will be removed. Please use RENDERER.
console.warn: LoginRecipes: "Falling back to a synchronous message for: https://www.amazon.com."
JavaScript error: , line 0: uncaught exception: 
JavaScript error: , line 0: uncaught exception: 
JavaScript error: , line 0: uncaught exception: 
JavaScript error: , line 0: uncaught exception: 
JavaScript error: , line 0: uncaught exception: 
JavaScript error: , line 0: uncaught exception: 
JavaScript error: , line 0: uncaught exception: 
JavaScript error: , line 0: uncaught exception: 
JavaScript error: , line 0: uncaught exception: 
JavaScript error: , line 0: uncaught exception: 
JavaScript error: , line 0: uncaught exception: 
JavaScript error: , line 0: uncaught exception: 
JavaScript error: , line 0: uncaught exception: 
JavaScript warning: https://www.amazon.com/s?k=Ferrari+458&ref=nb_sb_noss, line 5454: WEBGL_debug_renderer_info is deprecated in Firefox and will be removed. Please use RENDERER.
JavaScript error: , line 0: uncaught exception: 
JavaScript warning: https://www.amazon.com/RASTAR-Ferrari-Remote-Control-Italia/dp/B06ZZLKDL9/ref=sr_1_2?dib=eyJ2IjoiMSJ9.LsPjori_OWlyTyUN3Ahlht97pyE8ib4Udgvn-2HzNyCbcRDczSZSWXurTBgawkTudJLIIpIbQ0sdvete330zQ6Ts0v0cs8skpmHURw29V6RshP2igDWXm41D-H4v61380Qnf9rqRsmJ2IhxhLQ7E3280UhG9hf8gUeeHMbEHiRiXiNCw5d-q4HB_MKhYyZ5s5STKGPwqc-LbtS7_ZCkqegTyLIU6OTYvL9dTPNBLY4tjGl0aaXNxHIOKUD3NUCHGO4dI9WRytgoynjShsk2wCqn-yU_KHKQ03YGQ5n2qFCk.DGdorldaocoWMejT7xnVM3xy_wF_7gDjZTP2Tkaig2g&dib_tag=se&keywords=Ferrari+458&qid=1708944354&sr=8-2, line 11782: WEBGL_debug_renderer_info is deprecated in Firefox and will be removed. Please use RENDERER.
console.warn: LoginRecipes: "Falling back to a synchronous message for: https://www.amazon.com."
JavaScript error: , line 0: TypeError: NetworkError when attempting to fetch resource.
JavaScript error: , line 0: TypeError: NetworkError when attempting to fetch resource.
JavaScript error: , line 0: TypeError: NetworkError when attempting to fetch resource.
1708944375748	addons.xpi	ERROR	System addon update list error SyntaxError: XMLHttpRequest.open: 'http://%(server)s/dummy-system-addons.xml' is not a valid URL.
JavaScript warning: https://www.amazon.com/cart/add-to-cart/ref=dp_start-bbf_1_glance, line 3095: WEBGL_debug_renderer_info is deprecated in Firefox and will be removed. Please use RENDERER.
1708944396509	Marionette	INFO	Stopped listening on port 55851
JavaScript warning: https://www.amazon.com/cart/add-to-cart/ref=dp_start-bbf_1_glance, line 3096: Script terminated by timeout at:
g@https://www.amazon.com/cart/add-to-cart/ref=dp_start-bbf_1_glance:3096:759
U@https://www.amazon.com/cart/add-to-cart/ref=dp_start-bbf_1_glance:3096:1057

Dynamically enable window occlusion 1
