1708941661954	geckodriver	INFO	Listening on 127.0.0.1:54291
1708941664990	mozrunner::runner	INFO	Running command: "C:\\Program Files\\Mozilla Firefox\\firefox.exe" "--marionette" "--remote-debugging-port" "54292" "--remote-allow-hosts" "localhost" "-no-remote" "-profile" "C:\\Users\\SOUNDH~1.MK\\AppData\\Local\\Temp\\rust_mozprofileGSOU0I"
console.warn: services.settings: Ignoring preference override of remote settings server
console.warn: services.settings: Allow by setting MOZ_REMOTE_SETTINGS_DEVTOOLS=1 in the environment
1708941665516	Marionette	INFO	Marionette enabled
Dynamically enable window occlusion 0
1708941665650	Marionette	INFO	Listening on port 54300
WebDriver BiDi listening on ws://127.0.0.1:54292
Read port: 54300
1708941665934	RemoteAgent	WARN	TLS certificate errors will be ignored for this session
DevTools listening on ws://127.0.0.1:54292/devtools/browser/28376cd0-7500-4feb-810e-323ffb696c9a
JavaScript warning: https://www.amazon.com/, line 1942: WEBGL_debug_renderer_info is deprecated in Firefox and will be removed. Please use RENDERER.
console.warn: LoginRecipes: "Falling back to a synchronous message for: https://www.amazon.com."
JavaScript error: , line 0: uncaught exception: 
JavaScript error: , line 0: uncaught exception: 
JavaScript warning: https://www.amazon.com/s?k=Ferrari+458&ref=nb_sb_noss, line 5388: WEBGL_debug_renderer_info is deprecated in Firefox and will be removed. Please use RENDERER.
1708941673367	Marionette	INFO	Stopped listening on port 54300
JavaScript warning: https://images-na.ssl-images-amazon.com/images/I/61ZS63EQSsL._RC|11Y+5x+kkTL.js,51ExhNVPbdL.js,11yKORv-GTL.js,11GgN1+C7hL.js,01+z+uIeJ-L.js,01VRMV3FBdL.js,21BJeD9yjcL.js,01cS+tLhj4L.js,11rRjDLdAVL.js,51UOrPXYGsL.js,11YA5PIFcPL.js,11UNP9ncXuL.js,1174TO1N7GL.js,11EWRk6r74L.js,21paGe30x-L.js,01490L6yBnL.js,51nBtdyQGcL.js,01JYHc2oIlL.js,31nfKXylf6L.js,01ezj5Rkz1L.js,11bEz2VIYrL.js,31o2NGTXThL.js,01rpauTep4L.js,01RMmNcPMuL.js_.js?AUIClients/AmazonUI&WOBvLLbH#786834-T1, line 245: Script terminated by timeout at:
a@https://images-na.ssl-images-amazon.com/images/I/61ZS63EQSsL._RC|11Y+5x+kkTL.js,51ExhNVPbdL.js,11yKORv-GTL.js,11GgN1+C7hL.js,01+z+uIeJ-L.js,01VRMV3FBdL.js,21BJeD9yjcL.js,01cS+tLhj4L.js,11rRjDLdAVL.js,51UOrPXYGsL.js,11YA5PIFcPL.js,11UNP9ncXuL.js,1174TO1N7GL.js,11EWRk6r74L.js,21paGe30x-L.js,01490L6yBnL.js,51nBtdyQGcL.js,01JYHc2oIlL.js,31nfKXylf6L.js,01ezj5Rkz1L.js,11bEz2VIYrL.js,31o2NGTXThL.js,01rpauTep4L.js,01RMmNcPMuL.js_.js?AUIClients/AmazonUI&WOBvLLbH#786834-T1:245:480
c</e/<@https://images-na.ssl-images-amazon.com/images/I/61ZS63EQSsL._RC|11Y+5x+kkTL.js,51ExhNVPbdL.js,11yKORv-GTL.js,11GgN1+C7hL.js,01+z+uIeJ-L.js,01VRMV3FBdL.js,21BJeD9yjcL.js,01cS+tLhj4L.js,11rRjDLdAVL.js,51UOrPXYGsL.js,11YA5PIFcPL.js,11UNP9ncXuL.js,1174TO1N7GL.js,11EWRk6r74L.js,21paGe30x-L.js,01490L6yBnL.js,51nBtdyQGcL.js,01JYHc2oIlL.js,31nfKXylf6L.js,01ezj5Rkz1L.js,11bEz2VIYrL.js,31o2NGTXThL.js,01rpauTep4L.js,01RMmNcPMuL.js_.js?AUIClients/AmazonUI&WOBvLLbH#786834-T1:345:155
each@https://images-na.ssl-images-amazon.com/images/I/61ZS63EQSsL._RC|11Y+5x+kkTL.js,51ExhNVPbdL.js,11yKORv-GTL.js,11GgN1+C7hL.js,01+z+uIeJ-L.js,01VRMV3FBdL.js,21BJeD9yjcL.js,01cS+tLhj4L.js,11rRjDLdAVL.js,51UOrPXYGsL.js,11YA5PIFcPL.js,11UNP9ncXuL.js,1174TO1N7GL.js,11EWRk6r74L.js,21paGe30x-L.js,01490L6yBnL.js,51nBtdyQGcL.js,01JYHc2oIlL.js,31nfKXylf6L.js,01ezj5Rkz1L.js,11bEz2VIYrL.js,31o2NGTXThL.js,01rpauTep4L.js,01RMmNcPMuL.js_.js?AUIClients/AmazonUI&WOBvLLbH#786834-T1:216:210
e@https://images-na.ssl-images-amazon.com/images/I/61ZS63EQSsL._RC|11Y+5x+kkTL.js,51ExhNVPbdL.js,11yKORv-GTL.js,11GgN1+C7hL.js,01+z+uIeJ-L.js,01VRMV3FBdL.js,21BJeD9yjcL.js,01cS+tLhj4L.js,11rRjDLdAVL.js,51UOrPXYGsL.js,11YA5PIFcPL.js,11UNP9ncXuL.js,1174TO1N7GL.js,11EWRk6r74L.js,21paGe30x-L.js,01490L6yBnL.js,51nBtdyQGcL.js,01JYHc2oIlL.js,31nfKXylf6L.js,01ezj5Rkz1L.js,11bEz2VIYrL.js,31o2NGTXThL.js,01rpauTep4L.js,01RMmNcPMuL.js_.js?AUIClients/AmazonUI&WOBvLLbH#786834-T1:345:122
@https://images-na.ssl-images-amazon.com/images/I/61ZS63EQSsL._RC|11Y+5x+kkTL.js,51ExhNVPbdL.js,11yKORv-GTL.js,11GgN1+C7hL.js,01+z+uIeJ-L.js,01VRMV3FBdL.js,21BJeD9yjcL.js,01cS+tLhj4L.js,11rRjDLdAVL.js,51UOrPXYGsL.js,11YA5PIFcPL.js,11UNP9ncXuL.js,1174TO1N7GL.js,11EWRk6r74L.js,21paGe30x-L.js,01490L6yBnL.js,51nBtdyQGcL.js,01JYHc2oIlL.js,31nfKXylf6L.js,01ezj5Rkz1L.js,11bEz2VIYrL.js,31o2NGTXThL.js,01rpauTep4L.js,01RMmNcPMuL.js_.js?AUIClients/AmazonUI&WOBvLLbH#786834-T1:345:384
M/</<@about:srcdoc:29:111
ea@about:srcdoc:27:181
n@about:srcdoc:27:315
M/</<@about:srcdoc:29:111
z@about:srcdoc:30:278

Dynamically enable window occlusion 1
