1708944755406	geckodriver	INFO	Listening on 127.0.0.1:56339
1708944758446	mozrunner::runner	INFO	Running command: "C:\\Program Files\\Mozilla Firefox\\firefox.exe" "--marionette" "--remote-debugging-port" "56340" "--remote-allow-hosts" "localhost" "-no-remote" "-profile" "C:\\Users\\SOUNDH~1.MK\\AppData\\Local\\Temp\\rust_mozprofileqVNVHO"
console.warn: services.settings: Ignoring preference override of remote settings server
console.warn: services.settings: Allow by setting MOZ_REMOTE_SETTINGS_DEVTOOLS=1 in the environment
1708944758722	Marionette	INFO	Marionette enabled
Dynamically enable window occlusion 0
1708944758788	Marionette	INFO	Listening on port 56348
WebDriver BiDi listening on ws://127.0.0.1:56340
Read port: 56348
1708944758939	RemoteAgent	WARN	TLS certificate errors will be ignored for this session
DevTools listening on ws://127.0.0.1:56340/devtools/browser/5a2ae52e-d0ed-468a-b925-6307a9c6029b
JavaScript warning: https://www.amazon.com/, line 1987: WEBGL_debug_renderer_info is deprecated in Firefox and will be removed. Please use RENDERER.
console.warn: LoginRecipes: "Falling back to a synchronous message for: https://www.amazon.com."
JavaScript error: , line 0: uncaught exception: 
JavaScript error: , line 0: uncaught exception: 
JavaScript error: , line 0: uncaught exception: 
JavaScript error: , line 0: uncaught exception: 
JavaScript error: , line 0: uncaught exception: 
JavaScript error: , line 0: uncaught exception: 
JavaScript error: , line 0: uncaught exception: 
JavaScript error: , line 0: uncaught exception: 
JavaScript error: , line 0: uncaught exception: 
JavaScript error: , line 0: uncaught exception: 
JavaScript error: , line 0: uncaught exception: 
JavaScript error: , line 0: uncaught exception: 
JavaScript error: , line 0: uncaught exception: 
JavaScript warning: https://www.amazon.com/s?k=Ferrari+458&ref=nb_sb_noss, line 5717: WEBGL_debug_renderer_info is deprecated in Firefox and will be removed. Please use RENDERER.
1708944763364	Marionette	INFO	Stopped listening on port 56348
JavaScript warning: https://www.amazon.com/s/ref=nb_sb_noss?url=search-alias%3Daps&field-keywords=Ferrari+458, line 267: Script terminated by timeout at:
A@https://www.amazon.com/s/ref=nb_sb_noss?url=search-alias%3Daps&field-keywords=Ferrari+458:267:413

Dynamically enable window occlusion 1
