1708943373442	geckodriver	INFO	Listening on 127.0.0.1:55205
1708943376488	mozrunner::runner	INFO	Running command: "C:\\Program Files\\Mozilla Firefox\\firefox.exe" "--marionette" "--remote-debugging-port" "55206" "--remote-allow-hosts" "localhost" "-no-remote" "-profile" "C:\\Users\\SOUNDH~1.MK\\AppData\\Local\\Temp\\rust_mozprofileHTIS0y"
console.warn: services.settings: Ignoring preference override of remote settings server
console.warn: services.settings: Allow by setting MOZ_REMOTE_SETTINGS_DEVTOOLS=1 in the environment
1708943376760	Marionette	INFO	Marionette enabled
Dynamically enable window occlusion 0
1708943376826	Marionette	INFO	Listening on port 55214
WebDriver BiDi listening on ws://127.0.0.1:55206
Read port: 55214
1708943376980	RemoteAgent	WARN	TLS certificate errors will be ignored for this session
DevTools listening on ws://127.0.0.1:55206/devtools/browser/54388be8-5905-4247-9e0d-52e1b2c6a369
JavaScript warning: https://www.amazon.com/, line 2006: WEBGL_debug_renderer_info is deprecated in Firefox and will be removed. Please use RENDERER.
console.warn: LoginRecipes: "Falling back to a synchronous message for: https://www.amazon.com."
JavaScript error: , line 0: uncaught exception: 
JavaScript error: , line 0: uncaught exception: 
JavaScript error: , line 0: uncaught exception: 
JavaScript error: , line 0: uncaught exception: 
JavaScript error: , line 0: uncaught exception: 
JavaScript error: , line 0: uncaught exception: 
JavaScript error: , line 0: uncaught exception: 
JavaScript error: , line 0: uncaught exception: 
JavaScript error: , line 0: uncaught exception: 
JavaScript error: , line 0: uncaught exception: 
JavaScript error: , line 0: uncaught exception: 
JavaScript error: , line 0: uncaught exception: 
JavaScript error: , line 0: uncaught exception: 
JavaScript warning: https://www.amazon.com/s?k=Ferrari+458&ref=nb_sb_noss, line 5674: WEBGL_debug_renderer_info is deprecated in Firefox and will be removed. Please use RENDERER.
JavaScript error: , line 0: uncaught exception: 
JavaScript warning: https://www.amazon.com/RASTAR-Ferrari-Remote-Control-Italia/dp/B06ZZLKDL9/ref=sr_1_2?dib=eyJ2IjoiMSJ9.E4SH9I-unzFj-sbLgAbmR5DovcodEK0pQxitGRIR3aAN7oU54l07a5hLR1QD18nrHnperBcFXSKhEcClGjXmy3WhQ7i2P7JMl6TfGaPyMy9shP2igDWXm41D-H4v6138EaXgsSv5vJigq7uF9WlyJMGlFdoWgQXt-M7G33Bi7twnlpFeRnkPHFFX2IvosUSipYosz3dByYBkvO_5241QOm_tOX2_QP1nZHFYbaXJYrSCRIX1NVRu8ukuFUlgy9Nza6wwZ8ThNS7o_SB6S2mr_DjLTxvvc7v8hwEdhLYPohI.8Rqt2gr2Y2KZnC8IZzUxcVA-dz4RzDCO-fMd4NoO1M0&dib_tag=se&keywords=Ferrari+458&qid=1708943385&sr=8-2, line 11840: WEBGL_debug_renderer_info is deprecated in Firefox and will be removed. Please use RENDERER.
console.warn: LoginRecipes: "Falling back to a synchronous message for: https://www.amazon.com."
JavaScript error: , line 0: uncaught exception: 
1708943385840	Marionette	WARN	Ignoring event 'pageshow' because document has an invalid readyState of 'uninitialized'.
1708943406787	addons.xpi	ERROR	System addon update list error SyntaxError: XMLHttpRequest.open: 'http://%(server)s/dummy-system-addons.xml' is not a valid URL.
JavaScript warning: https://www.amazon.com/cart/add-to-cart/ref=dp_start-bbf_1_glance, line 3138: WEBGL_debug_renderer_info is deprecated in Firefox and will be removed. Please use RENDERER.
console.warn: LoginRecipes: "Falling back to a synchronous message for: https://www.amazon.com."
1708943450099	Marionette	INFO	Stopped listening on port 55214
Dynamically enable window occlusion 1
