1708938814397	geckodriver	INFO	Listening on 127.0.0.1:52132
1708938817474	mozrunner::runner	INFO	Running command: "C:\\Program Files\\Mozilla Firefox\\firefox.exe" "--marionette" "--remote-debugging-port" "52133" "--remote-allow-hosts" "localhost" "-no-remote" "-profile" "C:\\Users\\SOUNDH~1.MK\\AppData\\Local\\Temp\\rust_mozprofilenlY9if"
console.warn: services.settings: Ignoring preference override of remote settings server
console.warn: services.settings: Allow by setting MOZ_REMOTE_SETTINGS_DEVTOOLS=1 in the environment
1708938817877	Marionette	INFO	Marionette enabled
Dynamically enable window occlusion 0
1708938817969	Marionette	INFO	Listening on port 52142
WebDriver BiDi listening on ws://127.0.0.1:52133
Read port: 52142
1708938818148	RemoteAgent	WARN	TLS certificate errors will be ignored for this session
DevTools listening on ws://127.0.0.1:52133/devtools/browser/fcadc618-5c32-49a2-adc9-84577767c691
JavaScript warning: https://www.amazon.com/, line 1942: WEBGL_debug_renderer_info is deprecated in Firefox and will be removed. Please use RENDERER.
console.warn: LoginRecipes: "Falling back to a synchronous message for: https://www.amazon.com."
JavaScript error: , line 0: uncaught exception: 
JavaScript error: , line 0: uncaught exception: 
JavaScript error: , line 0: uncaught exception: 
JavaScript error: , line 0: uncaught exception: 
JavaScript error: , line 0: uncaught exception: 
JavaScript error: , line 0: uncaught exception: 
JavaScript error: , line 0: uncaught exception: 
JavaScript error: , line 0: uncaught exception: 
JavaScript error: , line 0: uncaught exception: 
JavaScript error: , line 0: uncaught exception: 
JavaScript error: , line 0: uncaught exception: 
JavaScript error: , line 0: uncaught exception: 
JavaScript error: , line 0: uncaught exception: 
JavaScript warning: https://www.amazon.com/s?k=Ferrari+458&ref=nb_sb_noss, line 5166: WEBGL_debug_renderer_info is deprecated in Firefox and will be removed. Please use RENDERER.
1708938823702	Marionette	INFO	Stopped listening on port 52142
JavaScript warning: about:srcdoc, line 40: Script terminated by timeout at:
v@about:srcdoc:40:397

Dynamically enable window occlusion 1
