1708942045951	geckodriver	INFO	Listening on 127.0.0.1:54707
1708942048987	mozrunner::runner	INFO	Running command: "C:\\Program Files\\Mozilla Firefox\\firefox.exe" "--marionette" "--remote-debugging-port" "54708" "--remote-allow-hosts" "localhost" "-no-remote" "-profile" "C:\\Users\\SOUNDH~1.MK\\AppData\\Local\\Temp\\rust_mozprofilef3a4qh"
console.warn: services.settings: Ignoring preference override of remote settings server
console.warn: services.settings: Allow by setting MOZ_REMOTE_SETTINGS_DEVTOOLS=1 in the environment
1708942049610	Marionette	INFO	Marionette enabled
Dynamically enable window occlusion 0
1708942049756	Marionette	INFO	Listening on port 54716
WebDriver BiDi listening on ws://127.0.0.1:54708
Read port: 54716
1708942050086	RemoteAgent	WARN	TLS certificate errors will be ignored for this session
DevTools listening on ws://127.0.0.1:54708/devtools/browser/bdb1e58b-1cf1-46a9-b130-e85b3ea5cbad
JavaScript warning: https://www.amazon.com/, line 2004: WEBGL_debug_renderer_info is deprecated in Firefox and will be removed. Please use RENDERER.
console.warn: LoginRecipes: "Falling back to a synchronous message for: https://www.amazon.com."
JavaScript error: , line 0: uncaught exception: 
JavaScript error: , line 0: uncaught exception: 
JavaScript error: , line 0: uncaught exception: 
JavaScript error: , line 0: uncaught exception: 
JavaScript error: , line 0: uncaught exception: 
JavaScript error: , line 0: uncaught exception: 
JavaScript error: , line 0: uncaught exception: 
JavaScript error: , line 0: uncaught exception: 
JavaScript error: , line 0: uncaught exception: 
JavaScript error: , line 0: uncaught exception: 
JavaScript error: , line 0: uncaught exception: 
JavaScript error: , line 0: uncaught exception: 
JavaScript error: , line 0: uncaught exception: 
JavaScript warning: https://www.amazon.com/s?k=Ferrari+458&ref=nb_sb_noss, line 5267: WEBGL_debug_renderer_info is deprecated in Firefox and will be removed. Please use RENDERER.
JavaScript error: , line 0: uncaught exception: 
JavaScript warning: https://m.media-amazon.com/images/I/714nITfCSzL.js, line 2: Script terminated by timeout at:
n@https://m.media-amazon.com/images/I/714nITfCSzL.js:2:108109
@https://m.media-amazon.com/images/I/714nITfCSzL.js:2:137651
@https://m.media-amazon.com/images/I/714nITfCSzL.js:2:137686

JavaScript warning: https://www.amazon.com/RASTAR-Ferrari-Remote-Control-Italia/dp/B06ZZLKDL9/ref=sr_1_2?dib=eyJ2IjoiMSJ9.E4SH9I-unzFj-sbLgAbmR5DovcodEK0pQxitGRIR3aB3Gda4DhYKxz-f_O_zWOlkcGDUI5AciJAhZ123zACmIfDdYKey8Y7gJUCn7CcJ6hr2_75g1gwLGaYMzj57BX8a9911dPSnoyjAMylcKyRUM-uIBstpZa3I9f4U9q8toHUnlpFeRnkPHFFX2IvosUSicEyt0Lulz-a1s4IgdgsTDfePhfyst2GiISQ86qG4CNCvXniG1bViioawiR2VI4d5yIN_xyHtz3c6r0v8XylbUwcM11V9FQosK8K1yNE6lTc.sZUjUYXPLEGt8uW0jU3B6bdipB4EwYRkqA9ZgYRD1_U&dib_tag=se&keywords=Ferrari+458&qid=1708942060&sr=8-2, line 11910: WEBGL_debug_renderer_info is deprecated in Firefox and will be removed. Please use RENDERER.
console.warn: LoginRecipes: "Falling back to a synchronous message for: https://www.amazon.com."
JavaScript error: , line 0: TypeError: NetworkError when attempting to fetch resource.
1708942079654	addons.xpi	ERROR	System addon update list error SyntaxError: XMLHttpRequest.open: 'http://%(server)s/dummy-system-addons.xml' is not a valid URL.
JavaScript warning: https://www.amazon.com/cart/add-to-cart/ref=dp_start-bbf_1_glance, line 3140: WEBGL_debug_renderer_info is deprecated in Firefox and will be removed. Please use RENDERER.
1708942104086	Marionette	INFO	Stopped listening on port 54716
JavaScript warning: https://www.amazon.com/cart/add-to-cart/ref=dp_start-bbf_1_glance, line 3141: Script terminated by timeout at:
g@https://www.amazon.com/cart/add-to-cart/ref=dp_start-bbf_1_glance:3141:759
U@https://www.amazon.com/cart/add-to-cart/ref=dp_start-bbf_1_glance:3141:1057

Dynamically enable window occlusion 1
