1708944837423	geckodriver	INFO	Listening on 127.0.0.1:56649
1708944840453	mozrunner::runner	INFO	Running command: "C:\\Program Files\\Mozilla Firefox\\firefox.exe" "--marionette" "--remote-debugging-port" "56650" "--remote-allow-hosts" "localhost" "-no-remote" "-profile" "C:\\Users\\SOUNDH~1.MK\\AppData\\Local\\Temp\\rust_mozprofilewCsUHQ"
console.warn: services.settings: Ignoring preference override of remote settings server
console.warn: services.settings: Allow by setting MOZ_REMOTE_SETTINGS_DEVTOOLS=1 in the environment
1708944840719	Marionette	INFO	Marionette enabled
Dynamically enable window occlusion 0
1708944840785	Marionette	INFO	Listening on port 56658
WebDriver BiDi listening on ws://127.0.0.1:56650
Read port: 56658
1708944840932	RemoteAgent	WARN	TLS certificate errors will be ignored for this session
DevTools listening on ws://127.0.0.1:56650/devtools/browser/d7d009d8-d31d-41bf-baf4-b30579dd6f6f
JavaScript warning: https://www.amazon.com/, line 1942: WEBGL_debug_renderer_info is deprecated in Firefox and will be removed. Please use RENDERER.
console.warn: LoginRecipes: "Falling back to a synchronous message for: https://www.amazon.com."
JavaScript error: , line 0: uncaught exception: 
JavaScript error: , line 0: uncaught exception: 
JavaScript error: , line 0: uncaught exception: 
JavaScript error: , line 0: uncaught exception: 
JavaScript error: , line 0: uncaught exception: 
JavaScript error: , line 0: uncaught exception: 
JavaScript error: , line 0: uncaught exception: 
JavaScript error: , line 0: uncaught exception: 
JavaScript error: , line 0: uncaught exception: 
JavaScript error: , line 0: uncaught exception: 
JavaScript error: , line 0: uncaught exception: 
JavaScript error: , line 0: uncaught exception: 
JavaScript error: , line 0: uncaught exception: 
JavaScript warning: https://www.amazon.com/s?k=Ferrari+458&ref=nb_sb_noss, line 5948: WEBGL_debug_renderer_info is deprecated in Firefox and will be removed. Please use RENDERER.
JavaScript error: , line 0: uncaught exception: 
JavaScript warning: https://www.amazon.com/RASTAR-Ferrari-Remote-Control-Italia/dp/B06ZZLKDL9/ref=sr_1_2?dib=eyJ2IjoiMSJ9.E4SH9I-unzFj-sbLgAbmR5DovcodEK0pQxitGRIR3aAN7oU54l07a5hLR1QD18nr6W4Qj1myBTNrhxckgvxDb7ihtq1oGOSeuTahKfWoVKWEi-m_--KH-yquFKaX9-W2BkBy3XnQ13w8b5Ub7O7ZvuuIBstpZa3I9f4U9q8toHVg5X7RjLWHlf9rub9pr-JLery1TOBYqIpdlg6B2IUb_uvfUVouWBY4lmS_nh20aUM3I-ZuwbET6ytt8iHxvYgbkhc4PnckIaZFv1YWm2rBUQcM11V9FQosK8K1yNE6lTc.lqy6Lc8hHkmNQ4ibNh92Y_GUmxvo858MRTAuuZkyOSY&dib_tag=se&keywords=Ferrari+458&qid=1708944848&sr=8-2, line 11791: WEBGL_debug_renderer_info is deprecated in Firefox and will be removed. Please use RENDERER.
console.warn: LoginRecipes: "Falling back to a synchronous message for: https://www.amazon.com."
JavaScript error: , line 0: TypeError: NetworkError when attempting to fetch resource.
JavaScript error: , line 0: TypeError: NetworkError when attempting to fetch resource.
JavaScript error: , line 0: TypeError: NetworkError when attempting to fetch resource.
1708944870742	addons.xpi	ERROR	System addon update list error SyntaxError: XMLHttpRequest.open: 'http://%(server)s/dummy-system-addons.xml' is not a valid URL.
JavaScript warning: https://www.amazon.com/cart/add-to-cart/ref=dp_start-bbf_1_glance, line 3089: WEBGL_debug_renderer_info is deprecated in Firefox and will be removed. Please use RENDERER.
console.warn: LoginRecipes: "Falling back to a synchronous message for: https://www.amazon.com."
1708944891846	Marionette	INFO	Stopped listening on port 56658
JavaScript warning: https://www.amazon.com/ap/signin?_encoding=UTF8&openid.assoc_handle=amazon_checkout_us&openid.claimed_id=http%3A%2F%2Fspecs.openid.net%2Fauth%2F2.0%2Fidentifier_select&openid.identity=http%3A%2F%2Fspecs.openid.net%2Fauth%2F2.0%2Fidentifier_select&openid.mode=checkid_setup&openid.ns=http%3A%2F%2Fspecs.openid.net%2Fauth%2F2.0&openid.ns.pape=http%3A%2F%2Fspecs.openid.net%2Fextensions%2Fpape%2F1.0&openid.pape.max_auth_age=0&openid.return_to=https%3A%2F%2Fwww.amazon.com%2Fgp%2Fbuy%2Fsignin%2Fhandlers%2Fcontinue.html%3Fie%3DUTF8%26brandId%3D%26cartItemIds%3D%26eGCApp%3D%26hasWorkingJavascript%3D0%26isEGCOrder%3D0%26isFresh%3D%26oldCustomerId%3D0%26oldPurchaseId%3D%26preInitiateCustomerId%3D%26purchaseInProgress%3D%26ref_%3Dcart_signin_submit%26siteDesign%3D&pageId=amazon_checkout_us&showRmrMe=0&siteState=isRegularCheckout.1%7CIMBMsgs.%7CisRedirect.1&suppressSignInRadioButtons=0, line 97: Script terminated by timeout at:
L@https://www.amazon.com/ap/signin?_encoding=UTF8&openid.assoc_handle=amazon_checkout_us&openid.claimed_id=http%3A%2F%2Fspecs.openid.net%2Fauth%2F2.0%2Fidentifier_select&openid.identity=http%3A%2F%2Fspecs.openid.net%2Fauth%2F2.0%2Fidentifier_select&openid.mode=checkid_setup&openid.ns=http%3A%2F%2Fspecs.openid.net%2Fauth%2F2.0&openid.ns.pape=http%3A%2F%2Fspecs.openid.net%2Fextensions%2Fpape%2F1.0&openid.pape.max_auth_age=0&openid.return_to=https%3A%2F%2Fwww.amazon.com%2Fgp%2Fbuy%2Fsignin%2Fhandlers%2Fcontinue.html%3Fie%3DUTF8%26brandId%3D%26cartItemIds%3D%26eGCApp%3D%26hasWorkingJavascript%3D0%26isEGCOrder%3D0%26isFresh%3D%26oldCustomerId%3D0%26oldPurchaseId%3D%26preInitiateCustomerId%3D%26purchaseInProgress%3D%26ref_%3Dcart_signin_submit%26siteDesign%3D&pageId=amazon_checkout_us&showRmrMe=0&siteState=isRegularCheckout.1%7CIMBMsgs.%7CisRedirect.1&suppressSignInRadioButtons=0:97:120

Dynamically enable window occlusion 1
