1708879658290	geckodriver	INFO	Listening on 127.0.0.1:50458
1708879661329	mozrunner::runner	INFO	Running command: "C:\\Program Files\\Mozilla Firefox\\firefox.exe" "--marionette" "--remote-debugging-port" "50459" "--remote-allow-hosts" "localhost" "-no-remote" "-profile" "C:\\Users\\SOUNDH~1.MK\\AppData\\Local\\Temp\\rust_mozprofileuynEo9"
console.warn: services.settings: Ignoring preference override of remote settings server
console.warn: services.settings: Allow by setting MOZ_REMOTE_SETTINGS_DEVTOOLS=1 in the environment
1708879661746	Marionette	INFO	Marionette enabled
Dynamically enable window occlusion 0
1708879661838	Marionette	INFO	Listening on port 50467
WebDriver BiDi listening on ws://127.0.0.1:50459
Read port: 50467
1708879662051	RemoteAgent	WARN	TLS certificate errors will be ignored for this session
DevTools listening on ws://127.0.0.1:50459/devtools/browser/9c6acf97-7f9b-40d0-8ec4-453b148b76a5
JavaScript warning: https://www.amazon.com/, line 2015: WEBGL_debug_renderer_info is deprecated in Firefox and will be removed. Please use RENDERER.
JavaScript warning: https://m.media-amazon.com/images/I/81BKPXF14nL.js?AUIClients/FWCIMAssets, line 298: WEBGL_debug_renderer_info is deprecated in Firefox and will be removed. Please use RENDERER.
1708879691787	addons.xpi	ERROR	System addon update list error SyntaxError: XMLHttpRequest.open: 'http://%(server)s/dummy-system-addons.xml' is not a valid URL.
1708879695331	Marionette	INFO	Stopped listening on port 50467
JavaScript warning: https://images-na.ssl-images-amazon.com/images/I/01rGP6HIADL.js?AUIClients/GenericObservableJS, line 1: Script terminated by timeout at:
a.notifyObservers@https://images-na.ssl-images-amazon.com/images/I/01rGP6HIADL.js?AUIClients/GenericObservableJS:1:465
G@https://images-na.ssl-images-amazon.com/images/I/31IkFoRynML.js?AUIClients/AmazonGatewayHerotatorJS:4:92
a@https://images-na.ssl-images-amazon.com/images/I/31IkFoRynML.js?AUIClients/AmazonGatewayHerotatorJS:3:94
delay_complete@https://images-na.ssl-images-amazon.com/images/I/31IkFoRynML.js?AUIClients/AmazonGatewayHerotatorJS:3:212
delayComplete@https://images-na.ssl-images-amazon.com/images/I/31IkFoRynML.js?AUIClients/AmazonGatewayHerotatorJS:6:390
E/E.timeout_id<@https://images-na.ssl-images-amazon.com/images/I/31IkFoRynML.js?AUIClients/AmazonGatewayHerotatorJS:10:486

Dynamically enable window occlusion 1
