1708938146147	geckodriver	INFO	Listening on 127.0.0.1:50616
1708938149305	mozrunner::runner	INFO	Running command: "C:\\Program Files\\Mozilla Firefox\\firefox.exe" "--marionette" "--remote-debugging-port" "50617" "--remote-allow-hosts" "localhost" "-no-remote" "-profile" "C:\\Users\\SOUNDH~1.MK\\AppData\\Local\\Temp\\rust_mozprofileDiFpR4"
console.warn: services.settings: Ignoring preference override of remote settings server
console.warn: services.settings: Allow by setting MOZ_REMOTE_SETTINGS_DEVTOOLS=1 in the environment
1708938149730	Marionette	INFO	Marionette enabled
Dynamically enable window occlusion 0
1708938149822	Marionette	INFO	Listening on port 50625
WebDriver BiDi listening on ws://127.0.0.1:50617
Read port: 50625
1708938150042	RemoteAgent	WARN	TLS certificate errors will be ignored for this session
DevTools listening on ws://127.0.0.1:50617/devtools/browser/0aa7ceb4-70fe-449f-aeed-64eb08cb3c21
JavaScript warning: https://www.amazon.com/, line 1946: WEBGL_debug_renderer_info is deprecated in Firefox and will be removed. Please use RENDERER.
console.warn: LoginRecipes: "Falling back to a synchronous message for: https://www.amazon.com."
JavaScript error: , line 0: uncaught exception: 
JavaScript error: , line 0: uncaught exception: 
JavaScript error: , line 0: uncaught exception: 
JavaScript error: , line 0: uncaught exception: 
JavaScript error: , line 0: uncaught exception: 
JavaScript error: , line 0: uncaught exception: 
JavaScript error: , line 0: uncaught exception: 
JavaScript error: , line 0: uncaught exception: 
JavaScript error: , line 0: uncaught exception: 
JavaScript error: , line 0: uncaught exception: 
JavaScript error: , line 0: uncaught exception: 
JavaScript error: , line 0: uncaught exception: 
JavaScript error: , line 0: uncaught exception: 
JavaScript warning: https://www.amazon.com/s?k=Ferrari+458&ref=nb_sb_noss, line 5676: WEBGL_debug_renderer_info is deprecated in Firefox and will be removed. Please use RENDERER.
1708938155311	Marionette	INFO	Stopped listening on port 50625
JavaScript warning: https://m.media-amazon.com/images/I/11Y+5x+kkTL._RC|51RBtQqsEML.js,11yKORv-GTL.js,11GgN1+C7hL.js,01+z+uIeJ-L.js,01VRMV3FBdL.js,21BJeD9yjcL.js,01cS+tLhj4L.js,11rRjDLdAVL.js,51UOrPXYGsL.js,11YA5PIFcPL.js,11UNP9ncXuL.js,1174TO1N7GL.js,11EWRk6r74L.js,21paGe30x-L.js,01490L6yBnL.js,51nBtdyQGcL.js,01JYHc2oIlL.js,31nfKXylf6L.js,01ezj5Rkz1L.js,11bEz2VIYrL.js,31o2NGTXThL.js,01rpauTep4L.js,01RMmNcPMuL.js_.js?AUIClients/AmazonUI, line 9: Script terminated by timeout at:
guardTimeFn@https://m.media-amazon.com/images/I/11Y+5x+kkTL._RC|51RBtQqsEML.js,11yKORv-GTL.js,11GgN1+C7hL.js,01+z+uIeJ-L.js,01VRMV3FBdL.js,21BJeD9yjcL.js,01cS+tLhj4L.js,11rRjDLdAVL.js,51UOrPXYGsL.js,11YA5PIFcPL.js,11UNP9ncXuL.js,1174TO1N7GL.js,11EWRk6r74L.js,21paGe30x-L.js,01490L6yBnL.js,51nBtdyQGcL.js,01JYHc2oIlL.js,31nfKXylf6L.js,01ezj5Rkz1L.js,11bEz2VIYrL.js,31o2NGTXThL.js,01rpauTep4L.js,01RMmNcPMuL.js_.js?AUIClients/AmazonUI:9:179
d</delay/f<@https://m.media-amazon.com/images/I/11Y+5x+kkTL._RC|51RBtQqsEML.js,11yKORv-GTL.js,11GgN1+C7hL.js,01+z+uIeJ-L.js,01VRMV3FBdL.js,21BJeD9yjcL.js,01cS+tLhj4L.js,11rRjDLdAVL.js,51UOrPXYGsL.js,11YA5PIFcPL.js,11UNP9ncXuL.js,1174TO1N7GL.js,11EWRk6r74L.js,21paGe30x-L.js,01490L6yBnL.js,51nBtdyQGcL.js,01JYHc2oIlL.js,31nfKXylf6L.js,01ezj5Rkz1L.js,11bEz2VIYrL.js,31o2NGTXThL.js,01rpauTep4L.js,01RMmNcPMuL.js_.js?AUIClients/AmazonUI:16:88
d</delay/<@https://m.media-amazon.com/images/I/11Y+5x+kkTL._RC|51RBtQqsEML.js,11yKORv-GTL.js,11GgN1+C7hL.js,01+z+uIeJ-L.js,01VRMV3FBdL.js,21BJeD9yjcL.js,01cS+tLhj4L.js,11rRjDLdAVL.js,51UOrPXYGsL.js,11YA5PIFcPL.js,11UNP9ncXuL.js,1174TO1N7GL.js,11EWRk6r74L.js,21paGe30x-L.js,01490L6yBnL.js,51nBtdyQGcL.js,01JYHc2oIlL.js,31nfKXylf6L.js,01ezj5Rkz1L.js,11bEz2VIYrL.js,31o2NGTXThL.js,01rpauTep4L.js,01RMmNcPMuL.js_.js?AUIClients/AmazonUI:16:209

Dynamically enable window occlusion 1
