1708938827790	geckodriver	INFO	Listening on 127.0.0.1:52221
1708938830862	mozrunner::runner	INFO	Running command: "C:\\Program Files\\Mozilla Firefox\\firefox.exe" "--marionette" "--remote-debugging-port" "52222" "--remote-allow-hosts" "localhost" "-no-remote" "-profile" "C:\\Users\\SOUNDH~1.MK\\AppData\\Local\\Temp\\rust_mozprofileyoDOWz"
console.warn: services.settings: Ignoring preference override of remote settings server
console.warn: services.settings: Allow by setting MOZ_REMOTE_SETTINGS_DEVTOOLS=1 in the environment
1708938831267	Marionette	INFO	Marionette enabled
Dynamically enable window occlusion 0
1708938831360	Marionette	INFO	Listening on port 52230
WebDriver BiDi listening on ws://127.0.0.1:52222
Read port: 52230
1708938831567	RemoteAgent	WARN	TLS certificate errors will be ignored for this session
DevTools listening on ws://127.0.0.1:52222/devtools/browser/34de2f63-2166-49f5-a4b3-540e016a94ec
JavaScript warning: https://www.amazon.com/, line 2015: WEBGL_debug_renderer_info is deprecated in Firefox and will be removed. Please use RENDERER.
console.warn: LoginRecipes: "Falling back to a synchronous message for: https://www.amazon.com."
JavaScript error: , line 0: uncaught exception: 
JavaScript error: , line 0: uncaught exception: 
JavaScript error: , line 0: uncaught exception: 
JavaScript error: , line 0: uncaught exception: 
JavaScript error: , line 0: uncaught exception: 
JavaScript error: , line 0: uncaught exception: 
JavaScript error: , line 0: uncaught exception: 
JavaScript error: , line 0: uncaught exception: 
JavaScript error: , line 0: uncaught exception: 
JavaScript error: , line 0: uncaught exception: 
JavaScript error: , line 0: uncaught exception: 
JavaScript error: , line 0: uncaught exception: 
JavaScript error: , line 0: uncaught exception: 
JavaScript warning: https://www.amazon.com/s?k=Ferrari+458&ref=nb_sb_noss, line 5463: WEBGL_debug_renderer_info is deprecated in Firefox and will be removed. Please use RENDERER.
JavaScript error: , line 0: uncaught exception: 
JavaScript warning: https://www.amazon.com/RASTAR-Ferrari-Remote-Control-Italia/dp/B06ZZLKDL9/ref=sr_1_2?dib=eyJ2IjoiMSJ9.E4SH9I-unzFj-sbLgAbmR5DovcodEK0pQxitGRIR3aAN7oU54l07a5hLR1QD18nr6W4Qj1myBTNrhxckgvxDb7ihtq1oGOSeuTahKfWoVKWEi-m_--KH-yquFKaX9-W2BkBy3XnQ13w8b5Ub7O7ZvuuIBstpZa3I9f4U9q8toHVg5X7RjLWHlf9rub9pr-JLery1TOBYqIpdlg6B2IUb_uvfUVouWBY4lmS_nh20aUM3I-ZuwbET6ytt8iHxvYgbkhc4PnckIaZFv1YWm2rBUQcM11V9FQosK8K1yNE6lTc.PpeoW5pUZymDeeLD8zWo6Daz6p2lzYUyAM5teydSqT0&dib_tag=se&keywords=Ferrari+458&qid=1708938840&sr=8-2, line 11834: WEBGL_debug_renderer_info is deprecated in Firefox and will be removed. Please use RENDERER.
1708938844833	Marionette	INFO	Stopped listening on port 52230
JavaScript warning: https://m.media-amazon.com/images/I/91QZqFTVjBL.js, line 25: Script terminated by timeout at:
s/<@https://m.media-amazon.com/images/I/91QZqFTVjBL.js:25:39059

JavaScript warning: https://images-na.ssl-images-amazon.com/images/I/41W974vG8QL._RC|71pP8j2iWCL.js,01QvReFeJyL.js,01phmzCOwJL.js,01eOvPdxG7L.js,71u5qjBpZXL.js,41jBieyCvYL.js,117dq5vibGL.js,01+pnQJuQ0L.js,21cN4KWOfCL.js,41nqF5HJopL.js,51dnSE-NwrL.js,31Pa7Gj4ZBL.js,11lEMI5MhIL.js,313ANWt5xVL.js,01LEzWzrPZL.js,01AqeWA7PKL.js,71-pKfDl0GL.js,41suW241oeL.js_.js?AUIClients/NavDesktopUberAsset&VtiuCky2#desktop.language-en.us.810771-T1.878681-T1.803398-T1.310484-T1, line 663: Script terminated by timeout at:
f/a<@https://images-na.ssl-images-amazon.com/images/I/41W974vG8QL._RC|71pP8j2iWCL.js,01QvReFeJyL.js,01phmzCOwJL.js,01eOvPdxG7L.js,71u5qjBpZXL.js,41jBieyCvYL.js,117dq5vibGL.js,01+pnQJuQ0L.js,21cN4KWOfCL.js,41nqF5HJopL.js,51dnSE-NwrL.js,31Pa7Gj4ZBL.js,11lEMI5MhIL.js,313ANWt5xVL.js,01LEzWzrPZL.js,01AqeWA7PKL.js,71-pKfDl0GL.js,41suW241oeL.js_.js?AUIClients/NavDesktopUberAsset&VtiuCky2#desktop.language-en.us.810771-T1.878681-T1.803398-T1.310484-T1:663:217

Dynamically enable window occlusion 1
