1708939673864	geckodriver	INFO	Listening on 127.0.0.1:52964
1708939676917	mozrunner::runner	INFO	Running command: "C:\\Program Files\\Mozilla Firefox\\firefox.exe" "--marionette" "--remote-debugging-port" "52965" "--remote-allow-hosts" "localhost" "-no-remote" "-profile" "C:\\Users\\SOUNDH~1.MK\\AppData\\Local\\Temp\\rust_mozprofilezOf1QY"
console.warn: services.settings: Ignoring preference override of remote settings server
console.warn: services.settings: Allow by setting MOZ_REMOTE_SETTINGS_DEVTOOLS=1 in the environment
1708939677345	Marionette	INFO	Marionette enabled
Dynamically enable window occlusion 0
1708939677446	Marionette	INFO	Listening on port 52973
WebDriver BiDi listening on ws://127.0.0.1:52965
Read port: 52973
1708939677678	RemoteAgent	WARN	TLS certificate errors will be ignored for this session
DevTools listening on ws://127.0.0.1:52965/devtools/browser/6cf1e2e8-8fd0-4445-a200-870e5fd0c857
JavaScript warning: https://www.amazon.com/, line 1987: WEBGL_debug_renderer_info is deprecated in Firefox and will be removed. Please use RENDERER.
console.warn: LoginRecipes: "Falling back to a synchronous message for: https://www.amazon.com."
JavaScript error: , line 0: uncaught exception: 
JavaScript error: , line 0: uncaught exception: 
JavaScript error: , line 0: uncaught exception: 
JavaScript error: , line 0: uncaught exception: 
JavaScript error: , line 0: uncaught exception: 
JavaScript error: , line 0: uncaught exception: 
JavaScript error: , line 0: uncaught exception: 
JavaScript error: , line 0: uncaught exception: 
JavaScript error: , line 0: uncaught exception: 
JavaScript error: , line 0: uncaught exception: 
JavaScript error: , line 0: uncaught exception: 
JavaScript error: , line 0: uncaught exception: 
JavaScript error: , line 0: uncaught exception: 
JavaScript warning: https://www.amazon.com/s?k=Ferrari+458&ref=nb_sb_noss, line 5249: WEBGL_debug_renderer_info is deprecated in Firefox and will be removed. Please use RENDERER.
JavaScript error: , line 0: uncaught exception: 
JavaScript warning: https://www.amazon.com/RASTAR-Ferrari-Remote-Control-Italia/dp/B06ZZLKDL9/ref=sr_1_1?dib=eyJ2IjoiMSJ9.E4SH9I-unzFj-sbLgAbmR5DovcodEK0pQxitGRIR3aAN7oU54l07a5hLR1QD18nr6W4Qj1myBTNrhxckgvxDb7ihtq1oGOSeuTahKfWoVKWEi-m_--KH-yquFKaX9-W2BkBy3XnQ13w8b5Ub7O7ZvuuIBstpZa3I9f4U9q8toHVg5X7RjLWHlf9rub9pr-JLmPTKzrQ6PEyz0NledleqIPePhfyst2GiISQ86qG4CNDToMbOihvInV6jxaU_nsWNlC36k8hbT00Xun2QVaxuLAcM11V9FQosK8K1yNE6lTc.BHsfSzBRMPqo7jtWNyJetLc_XXq3dpZxu0IP0IVMaZ0&dib_tag=se&keywords=Ferrari+458&qid=1708939686&sr=8-1, line 11836: WEBGL_debug_renderer_info is deprecated in Firefox and will be removed. Please use RENDERER.
1708939686329	Marionette	INFO	Stopped listening on port 52973
JavaScript warning: https://www.amazon.com/RASTAR-Ferrari-Remote-Control-Italia/dp/B06ZZLKDL9/ref=sr_1_1?dib=eyJ2IjoiMSJ9.E4SH9I-unzFj-sbLgAbmR5DovcodEK0pQxitGRIR3aAN7oU54l07a5hLR1QD18nr6W4Qj1myBTNrhxckgvxDb7ihtq1oGOSeuTahKfWoVKWEi-m_--KH-yquFKaX9-W2BkBy3XnQ13w8b5Ub7O7ZvuuIBstpZa3I9f4U9q8toHVg5X7RjLWHlf9rub9pr-JLmPTKzrQ6PEyz0NledleqIPePhfyst2GiISQ86qG4CNDToMbOihvInV6jxaU_nsWNlC36k8hbT00Xun2QVaxuLAcM11V9FQosK8K1yNE6lTc.BHsfSzBRMPqo7jtWNyJetLc_XXq3dpZxu0IP0IVMaZ0&dib_tag=se&keywords=Ferrari+458&qid=1708939686&sr=8-1, line 11825: Script terminated by timeout at:
Y@https://www.amazon.com/RASTAR-Ferrari-Remote-Control-Italia/dp/B06ZZLKDL9/ref=sr_1_1?dib=eyJ2IjoiMSJ9.E4SH9I-unzFj-sbLgAbmR5DovcodEK0pQxitGRIR3aAN7oU54l07a5hLR1QD18nr6W4Qj1myBTNrhxckgvxDb7ihtq1oGOSeuTahKfWoVKWEi-m_--KH-yquFKaX9-W2BkBy3XnQ13w8b5Ub7O7ZvuuIBstpZa3I9f4U9q8toHVg5X7RjLWHlf9rub9pr-JLmPTKzrQ6PEyz0NledleqIPePhfyst2GiISQ86qG4CNDToMbOihvInV6jxaU_nsWNlC36k8hbT00Xun2QVaxuLAcM11V9FQosK8K1yNE6lTc.BHsfSzBRMPqo7jtWNyJetLc_XXq3dpZxu0IP0IVMaZ0&dib_tag=se&keywords=Ferrari+458&qid=1708939686&sr=8-1:11825:13466
w[3]@https://www.amazon.com/RASTAR-Ferrari-Remote-Control-Italia/dp/B06ZZLKDL9/ref=sr_1_1?dib=eyJ2IjoiMSJ9.E4SH9I-unzFj-sbLgAbmR5DovcodEK0pQxitGRIR3aAN7oU54l07a5hLR1QD18nr6W4Qj1myBTNrhxckgvxDb7ihtq1oGOSeuTahKfWoVKWEi-m_--KH-yquFKaX9-W2BkBy3XnQ13w8b5Ub7O7ZvuuIBstpZa3I9f4U9q8toHVg5X7RjLWHlf9rub9pr-JLmPTKzrQ6PEyz0NledleqIPePhfyst2GiISQ86qG4CNDToMbOihvInV6jxaU_nsWNlC36k8hbT00Xun2QVaxuLAcM11V9FQosK8K1yNE6lTc.BHsfSzBRMPqo7jtWNyJetLc_XXq3dpZxu0IP0IVMaZ0&dib_tag=se&keywords=Ferrari+458&qid=1708939686&sr=8-1:11825:15121
q@https://www.amazon.com/RASTAR-Ferrari-Remote-Control-Italia/dp/B06ZZLKDL9/ref=sr_1_1?dib=eyJ2IjoiMSJ9.E4SH9I-unzFj-sbLgAbmR5DovcodEK0pQxitGRIR3aAN7oU54l07a5hLR1QD18nr6W4Qj1myBTNrhxckgvxDb7ihtq1oGOSeuTahKfWoVKWEi-m_--KH-yquFKaX9-W2BkBy3XnQ13w8b5Ub7O7ZvuuIBstpZa3I9f4U9q8toHVg5X7RjLWHlf9rub9pr-JLmPTKzrQ6PEyz0NledleqIPePhfyst2GiISQ86qG4CNDToMbOihvInV6jxaU_nsWNlC36k8hbT00Xun2QVaxuLAcM11V9FQosK8K1yNE6lTc.BHsfSzBRMPqo7jtWNyJetLc_XXq3dpZxu0IP0IVMaZ0&dib_tag=se&keywords=Ferrari+458&qid=1708939686&sr=8-1:11825:13317
D/<@https://www.amazon.com/RASTAR-Ferrari-Remote-Control-Italia/dp/B06ZZLKDL9/ref=sr_1_1?dib=eyJ2IjoiMSJ9.E4SH9I-unzFj-sbLgAbmR5DovcodEK0pQxitGRIR3aAN7oU54l07a5hLR1QD18nr6W4Qj1myBTNrhxckgvxDb7ihtq1oGOSeuTahKfWoVKWEi-m_--KH-yquFKaX9-W2BkBy3XnQ13w8b5Ub7O7ZvuuIBstpZa3I9f4U9q8toHVg5X7RjLWHlf9rub9pr-JLmPTKzrQ6PEyz0NledleqIPePhfyst2GiISQ86qG4CNDToMbOihvInV6jxaU_nsWNlC36k8hbT00Xun2QVaxuLAcM11V9FQosK8K1yNE6lTc.BHsfSzBRMPqo7jtWNyJetLc_XXq3dpZxu0IP0IVMaZ0&dib_tag=se&keywords=Ferrari+458&qid=1708939686&sr=8-1:729:686

JavaScript warning: https://m.media-amazon.com/images/I/91QZqFTVjBL.js, line 25: Script terminated by timeout at:
default@https://m.media-amazon.com/images/I/91QZqFTVjBL.js:25:63848
8245/t.default@https://m.media-amazon.com/images/I/91QZqFTVjBL.js:25:38866
d@https://m.media-amazon.com/images/I/91QZqFTVjBL.js:2:200421
4059/t.usePositionTracking/</t<@https://m.media-amazon.com/images/I/91QZqFTVjBL.js:2:200575

Dynamically enable window occlusion 1
JavaScript error: , line 0: TypeError: NetworkError when attempting to fetch resource.
JavaScript error: , line 0: TypeError: NetworkError when attempting to fetch resource.
JavaScript error: resource://gre/actors/ContentMetaChild.sys.mjs, line 179: InvalidStateError: JSWindowActorChild.sendAsyncMessage: JSWindowActorChild cannot send at the moment
