1708938593044	geckodriver	INFO	Listening on 127.0.0.1:51893
1708938596071	mozrunner::runner	INFO	Running command: "C:\\Program Files\\Mozilla Firefox\\firefox.exe" "--marionette" "--remote-debugging-port" "51894" "--remote-allow-hosts" "localhost" "-no-remote" "-profile" "C:\\Users\\SOUNDH~1.MK\\AppData\\Local\\Temp\\rust_mozprofileI6C7vj"
console.warn: services.settings: Ignoring preference override of remote settings server
console.warn: services.settings: Allow by setting MOZ_REMOTE_SETTINGS_DEVTOOLS=1 in the environment
1708938596522	Marionette	INFO	Marionette enabled
Dynamically enable window occlusion 0
1708938596625	Marionette	INFO	Listening on port 51920
WebDriver BiDi listening on ws://127.0.0.1:51894
Read port: 51920
1708938596865	RemoteAgent	WARN	TLS certificate errors will be ignored for this session
DevTools listening on ws://127.0.0.1:51894/devtools/browser/dddfb464-b282-4045-aec6-4f3646af39b3
JavaScript warning: https://www.amazon.com/, line 2449: WEBGL_debug_renderer_info is deprecated in Firefox and will be removed. Please use RENDERER.
console.warn: LoginRecipes: "Falling back to a synchronous message for: https://www.amazon.com."
JavaScript error: , line 0: uncaught exception: 
JavaScript error: , line 0: uncaught exception: 
JavaScript error: , line 0: uncaught exception: 
JavaScript error: , line 0: uncaught exception: 
JavaScript error: , line 0: uncaught exception: 
JavaScript error: , line 0: TypeError: NetworkError when attempting to fetch resource.
JavaScript error: , line 0: uncaught exception: 
JavaScript error: , line 0: uncaught exception: 
JavaScript error: , line 0: uncaught exception: 
JavaScript error: , line 0: uncaught exception: 
JavaScript error: , line 0: uncaught exception: 
JavaScript error: , line 0: uncaught exception: 
JavaScript error: , line 0: uncaught exception: 
JavaScript error: , line 0: uncaught exception: 
JavaScript warning: https://www.amazon.com/s?k=Ferrari+458&ref=nb_sb_noss, line 5514: WEBGL_debug_renderer_info is deprecated in Firefox and will be removed. Please use RENDERER.
JavaScript error: , line 0: uncaught exception: 
JavaScript warning: https://www.amazon.com/RASTAR-Ferrari-Remote-Control-Italia/dp/B06ZZLKDL9/ref=sr_1_2?dib=eyJ2IjoiMSJ9.E4SH9I-unzFj-sbLgAbmR5DovcodEK0pQxitGRIR3aCbcRDczSZSWXurTBgawkTuu1fvigKO_Oed3oWOCv1fGn_pR0JPwoUSBImhUaVbd_RshP2igDWXm41D-H4v61380Qnf9rqRsmJ2IhxhLQ7E3-uIBstpZa3I9f4U9q8toHUnlpFeRnkPHFFX2IvosUSipYosz3dByYBkvO_5241QOkb6mwfx2agfxp4M2-VbficJfjeaLRF2649qYtoHKYFwmK7G6yCVvTXAuVoJYWKktnWmF8gWSN88Ngr4h8Sbp6o.5J7Gls_NhT-rNNOCPh5dlxK3mDQ7yRPRU158jD66ksE&dib_tag=se&keywords=Ferrari+458&qid=1708938605&sr=8-2, line 12535: WEBGL_debug_renderer_info is deprecated in Firefox and will be removed. Please use RENDERER.
1708938610820	Marionette	INFO	Stopped listening on port 51920
JavaScript warning: https://m.media-amazon.com/images/I/41rQMJCpkQL.js, line 1: Script terminated by timeout at:
value/<@https://m.media-amazon.com/images/I/41rQMJCpkQL.js:1:11514
value@https://m.media-amazon.com/images/I/41rQMJCpkQL.js:1:11515
value@https://m.media-amazon.com/images/I/41rQMJCpkQL.js:1:10964
o@https://m.media-amazon.com/images/I/41rQMJCpkQL.js:1:11646
e@https://m.media-amazon.com/images/I/41rQMJCpkQL.js:1:11797

Dynamically enable window occlusion 1
