1708940760866	geckodriver	INFO	Listening on 127.0.0.1:53608
1708940763905	mozrunner::runner	INFO	Running command: "C:\\Program Files\\Mozilla Firefox\\firefox.exe" "--marionette" "--remote-debugging-port" "53609" "--remote-allow-hosts" "localhost" "-no-remote" "-profile" "C:\\Users\\SOUNDH~1.MK\\AppData\\Local\\Temp\\rust_mozprofile13O5NG"
console.warn: services.settings: Ignoring preference override of remote settings server
console.warn: services.settings: Allow by setting MOZ_REMOTE_SETTINGS_DEVTOOLS=1 in the environment
1708940764280	Marionette	INFO	Marionette enabled
Dynamically enable window occlusion 0
1708940764372	Marionette	INFO	Listening on port 53617
WebDriver BiDi listening on ws://127.0.0.1:53609
Read port: 53617
1708940764578	RemoteAgent	WARN	TLS certificate errors will be ignored for this session
DevTools listening on ws://127.0.0.1:53609/devtools/browser/fde9839c-a324-415a-8bc2-e81efdd64c8c
JavaScript warning: https://www.amazon.com/, line 2006: WEBGL_debug_renderer_info is deprecated in Firefox and will be removed. Please use RENDERER.
console.warn: LoginRecipes: "Falling back to a synchronous message for: https://www.amazon.com."
JavaScript error: , line 0: uncaught exception: 
JavaScript error: , line 0: uncaught exception: 
JavaScript error: , line 0: uncaught exception: 
JavaScript error: , line 0: uncaught exception: 
JavaScript error: , line 0: uncaught exception: 
JavaScript error: , line 0: uncaught exception: 
JavaScript error: , line 0: uncaught exception: 
JavaScript error: , line 0: uncaught exception: 
JavaScript error: , line 0: uncaught exception: 
JavaScript error: , line 0: uncaught exception: 
JavaScript error: , line 0: uncaught exception: 
JavaScript error: , line 0: uncaught exception: 
JavaScript error: , line 0: uncaught exception: 
JavaScript warning: https://www.amazon.com/s?k=Ferrari+458&ref=nb_sb_noss, line 5653: WEBGL_debug_renderer_info is deprecated in Firefox and will be removed. Please use RENDERER.
JavaScript error: , line 0: uncaught exception: 
out of memory: 0x00000000000000C8 bytes requested
A content process crashed and MOZ_CRASHREPORTER_SHUTDOWN is set, shutting down
1708940773062	Marionette	INFO	Stopped listening on port 53617
Dynamically enable window occlusion 1
