1708876895376	geckodriver	INFO	Listening on 127.0.0.1:51604
1708876898422	mozrunner::runner	INFO	Running command: "C:\\Program Files\\Mozilla Firefox\\firefox.exe" "--marionette" "--remote-debugging-port" "51605" "--remote-allow-hosts" "localhost" "-no-remote" "-profile" "C:\\Users\\SOUNDH~1.MK\\AppData\\Local\\Temp\\rust_mozprofileTubpNk"
console.warn: services.settings: Ignoring preference override of remote settings server
console.warn: services.settings: Allow by setting MOZ_REMOTE_SETTINGS_DEVTOOLS=1 in the environment
1708876898990	Marionette	INFO	Marionette enabled
Dynamically enable window occlusion 0
1708876899088	Marionette	INFO	Listening on port 51619
WebDriver BiDi listening on ws://127.0.0.1:51605
Read port: 51619
1708876899334	RemoteAgent	WARN	TLS certificate errors will be ignored for this session
[GFX1-]: Failed to link shader program: brush_solid
error X8000: D3D11 Internal Compiler Error: Invalid Bytecode: Failed to parse shader using reference shader parser: 0x8007000e

Warning: D3D shader compilation failed with default flags. (vs_5_0)
 Retrying with skip validation

error X8000: D3D11 Internal Compiler Error: Invalid Bytecode: Failed to parse shader using reference shader parser: 0x8007000e

Warning: D3D shader compilation failed with default flags. (ps_5_0)
 Retrying with skip validation
error X8000: D3D11 Internal Compiler Error: Invalid Bytecode: Failed to parse shader using reference shader parser: 0x8007000e

Warning: D3D shader compilation failed with skip validation flags. (ps_5_0)
 Retrying with skip optimization
error X8000: D3D11 Internal Compiler Error: Invalid Bytecode: Failed to parse shader using reference shader parser: 0x8007000e

Warning: D3D shader compilation failed with skip optimization flags. (ps_5_0)

Failed to create D3D Shaders

[ERROR webrender::device::gl] Failed to link shader program: brush_solid
    error X8000: D3D11 Internal Compiler Error: Invalid Bytecode: Failed to parse shader using reference shader parser: 0x8007000e
    
    Warning: D3D shader compilation failed with default flags. (vs_5_0)
     Retrying with skip validation
    
    error X8000: D3D11 Internal Compiler Error: Invalid Bytecode: Failed to parse shader using reference shader parser: 0x8007000e
    
    Warning: D3D shader compilation failed with default flags. (ps_5_0)
     Retrying with skip validation
    error X8000: D3D11 Internal Compiler Error: Invalid Bytecode: Failed to parse shader using reference shader parser: 0x8007000e
    
    Warning: D3D shader compilation failed with skip validation flags. (ps_5_0)
     Retrying with skip optimization
    error X8000: D3D11 Internal Compiler Error: Invalid Bytecode: Failed to parse shader using reference shader parser: 0x8007000e
    
    Warning: D3D shader compilation failed with skip optimization flags. (ps_5_0)
    
    Failed to create D3D Shaders
    
[GFX1-]: Failed to link shader program: ps_text_run

[ERROR webrender::device::gl] Failed to link shader program: ps_text_run
    
[GFX1-]: Failed to compile vertex shader: brush_linear_gradient

[ERROR webrender::device::gl] Failed to compile vertex shader: brush_linear_gradient
    
[GFX1-]: DCompositionSurface::BeginDraw failed: 0x8007000e Rect(x=524288, y=524288, w=1024, h=512)
[GFX1-]: Failed to compile vertex shader: brush_opa[GFX1-]: Hcity_ALPandlHA_ing webrender error 4
PASS

[GFX1-]: Fallback WR to SW-WR + D3D11
[ERROR webrender::device::gl] Failed to compile vertex shader: brush_opacity_ALPHA_PASS
    
[GFX1-]: Failed to compile vertex shader: brush_solid_ALPHA_PASS

[ERROR webrender::device::gl] Failed to compile vertex shader: brush_solid_ALPHA_PASS
    
[GFX1-]: Failed to compile vertex shader: ps_text_run_ALPHA_PASS_DUAL_SOURCE_BLENDING_TEXTURE_2D

[ERROR webrender::device::gl] Failed to compile vertex shader: ps_text_run_ALPHA_PASS_DUAL_SOURCE_BLENDING_TEXTURE_2D
    
[GFX1-]: DCompositionSurface::BeginDraw failed: 0x8007000e Rect(x=525312, y=524288, w=576, h=512)
[GFX1-]: Failed to compile vertex shader: brush_opacity_ALPHA_PASS

[ERROR webrender::device::gl] Failed to compile vertex shader: brush_opacity_ALPHA_PASS
    
[GFX1-]: Failed to compile vertex shader: brush_solid_ALPHA_PASS

[ERROR webrender::device::gl] Failed to compile vertex shader: brush_solid_ALPHA_PASS
    
[GFX1-]: DCompositionSurface::BeginDraw failed: 0x8007000e Rect(x=524288, y=524800, w=1024, h=406)
[GFX1-]: DCompositionSurface::BeginDraw failed: 0x8007000e Rect(x=525312, y=524800, w=576, h=406)
[GFX1-]: wr_renderer_render: Shader(Link("brush_solid", "error X8000: D3D11 Internal Compiler Error: Invalid Bytecode: Failed to parse shader using reference shader parser: 0x8007000e\n\nWarning: D3D shader compilation failed with default flags. (vs_5_0)\n Retrying with skip validation\n\nerror X8000: D3D11 Internal Compiler Error: Invalid Bytecode: Failed to parse shader using reference shader parser: 0x8007000e\n\nWarning: D3D shader compilation failed with default flags. (ps_5_0)\n Retrying with skip validation\nerror X8000: D3D11 Internal Compiler Error: Invalid Bytecode: Failed to parse shader using reference shader parser: 0x8007000e\n\nWarning: D3D shader compilation failed with skip validation flags. (ps_5_0)\n Retrying with skip optimization\nerror X8000: D3D11 Internal Compiler Error: Invalid Bytecode: Failed to parse shader using reference shader parser: 0x8007000e\n\nWarning: D3D shader compilation failed with skip optimization flags. (ps_5_0)\n\nFailed to create D3D Shaders\n"))
[GFX1-]: wr_renderer_render: Shader(Link("ps_text_run", ""))
[GFX1-]: wr_renderer_render: Shader(Compilation("brush_linear_gradient", ""))
[GFX1-]: wr_renderer_render: Shader(Compilation("brush_opacity_ALPHA_PASS", ""))
[GFX1-]: wr_renderer_render: Shader(Compilation("brush_solid_ALPHA_PASS", ""))
[GFX1-]: wr_renderer_render: Shader(Compilation("ps_text_run_ALPHA_PASS_DUAL_SOURCE_BLENDING_TEXTURE_2D", ""))
[GFX1-]: wr_renderer_render: Shader(Compilation("brush_opacity_ALPHA_PASS", ""))
[GFX1-]: wr_renderer_render: Shader(Compilation("brush_solid_ALPHA_PASS", ""))
[GFX1-]: wr_renderer_render: OutOfMemory
[GFX1-]: [D3D11] create swap chain failed: 0x8007000e, 0
[GFX1-]: Failed to initialize CompositorD3D11 for SWGL: FEATURE_FAILURE_D3D11_SWAP_CHAIN
out of memory: 0x0000000000100000 bytes requested
[GFX1-]: CompositorBridgeChild receives IPC close with reason=AbnormalShutdown
[GFX1-]: CompositorBridgeChild receives IPC close with reason=AbnormalShutdown
[GFX1-]: CompositorBridgeChild receives IPC close with reason=AbnormalShutdown
[GFX1-]: CompositorBridgeChild receives IPC close with reason=AbnormalShutdown
[GFX1-]: GPU process is being launched whilst app is in background
[GFX1-]: CompositorBridgeChild receives IPC close with reason=AbnormalShutdown
DevTools listening on ws://127.0.0.1:51605/devtools/browser/7c26b110-bbe6-4c89-b830-4374ac5bf5fa
[GFX1-]: Failed to create StagingTexture: Size(1024,512)
[GFX1-]: MapTile failed aValidRect: Rect(x=0, y=380, w=330, h=26)
[GFX1-]: Handling webrender error 3
[GFX1-]: Fallback SW-WR + D3D11 to SW-WR
out of memory: 0x00000000000000C0 bytes requested
A content process crashed and MOZ_CRASHREPORTER_SHUTDOWN is set, shutting down
1708876908665	Marionette	INFO	Stopped listening on port 51619
Dynamically enable window occlusion 1
