1708944321774	geckodriver	INFO	Listening on 127.0.0.1:55689
1708944324828	mozrunner::runner	INFO	Running command: "C:\\Program Files\\Mozilla Firefox\\firefox.exe" "--marionette" "--remote-debugging-port" "55690" "--remote-allow-hosts" "localhost" "-no-remote" "-profile" "C:\\Users\\SOUNDH~1.MK\\AppData\\Local\\Temp\\rust_mozprofileB6px68"
console.warn: services.settings: Ignoring preference override of remote settings server
console.warn: services.settings: Allow by setting MOZ_REMOTE_SETTINGS_DEVTOOLS=1 in the environment
1708944325104	Marionette	INFO	Marionette enabled
Dynamically enable window occlusion 0
1708944325169	Marionette	INFO	Listening on port 55698
WebDriver BiDi listening on ws://127.0.0.1:55690
Read port: 55698
1708944325317	RemoteAgent	WARN	TLS certificate errors will be ignored for this session
DevTools listening on ws://127.0.0.1:55690/devtools/browser/4a3ff2df-e335-4410-9da2-dd332466c859
JavaScript warning: https://www.amazon.com/, line 1946: WEBGL_debug_renderer_info is deprecated in Firefox and will be removed. Please use RENDERER.
console.warn: LoginRecipes: "Falling back to a synchronous message for: https://www.amazon.com."
JavaScript error: , line 0: uncaught exception: 
JavaScript error: , line 0: uncaught exception: 
JavaScript error: , line 0: uncaught exception: 
JavaScript error: , line 0: uncaught exception: 
JavaScript error: , line 0: uncaught exception: 
JavaScript error: , line 0: uncaught exception: 
JavaScript error: , line 0: uncaught exception: 
JavaScript error: , line 0: uncaught exception: 
JavaScript error: , line 0: uncaught exception: 
JavaScript error: , line 0: uncaught exception: 
JavaScript error: , line 0: uncaught exception: 
JavaScript error: , line 0: uncaught exception: 
JavaScript error: , line 0: uncaught exception: 
JavaScript warning: https://www.amazon.com/s?k=Ferrari+458&ref=nb_sb_noss, line 5777: WEBGL_debug_renderer_info is deprecated in Firefox and will be removed. Please use RENDERER.
1708944330140	Marionette	INFO	Stopped listening on port 55698
JavaScript warning: https://m.media-amazon.com/images/I/61ZS63EQSsL.js?AUIClients/AmazonUIjQuery, line 30: Script terminated by timeout at:
Fa@https://m.media-amazon.com/images/I/61ZS63EQSsL.js?AUIClients/AmazonUIjQuery:30:12
get@https://m.media-amazon.com/images/I/61ZS63EQSsL.js?AUIClients/AmazonUIjQuery:156:90
css@https://m.media-amazon.com/images/I/61ZS63EQSsL.js?AUIClients/AmazonUIjQuery:155:301
c.fn.css/<@https://m.media-amazon.com/images/I/61ZS63EQSsL.js?AUIClients/AmazonUIjQuery:153:478
access@https://m.media-amazon.com/images/I/61ZS63EQSsL.js?AUIClients/AmazonUIjQuery:48:255
c.fn.css@https://m.media-amazon.com/images/I/61ZS63EQSsL.js?AUIClients/AmazonUIjQuery:153:413
g@https://m.media-amazon.com/images/I/11Y+5x+kkTL._RC|51RBtQqsEML.js,11yKORv-GTL.js,11GgN1+C7hL.js,01+z+uIeJ-L.js,01VRMV3FBdL.js,21BJeD9yjcL.js,01cS+tLhj4L.js,11rRjDLdAVL.js,51UOrPXYGsL.js,11YA5PIFcPL.js,11UNP9ncXuL.js,1174TO1N7GL.js,11EWRk6r74L.js,21paGe30x-L.js,01490L6yBnL.js,51nBtdyQGcL.js,01JYHc2oIlL.js,31nfKXylf6L.js,01ezj5Rkz1L.js,11bEz2VIYrL.js,31o2NGTXThL.js,01rpauTep4L.js,01RMmNcPMuL.js_.js?AUIClients/AmazonUI:478:519
update@https://m.media-amazon.com/images/I/11Y+5x+kkTL._RC|51RBtQqsEML.js,11yKORv-GTL.js,11GgN1+C7hL.js,01+z+uIeJ-L.js,01VRMV3FBdL.js,21BJeD9yjcL.js,01cS+tLhj4L.js,11rRjDLdAVL.js,51UOrPXYGsL.js,11YA5PIFcPL.js,11UNP9ncXuL.js,1174TO1N7GL.js,11EWRk6r74L.js,21paGe30x-L.js,01490L6yBnL.js,51nBtdyQGcL.js,01JYHc2oIlL.js,31nfKXylf6L.js,01ezj5Rkz1L.js,11bEz2VIYrL.js,31o2NGTXThL.js,01rpauTep4L.js,01RMmNcPMuL.js_.js?AUIClients/AmazonUI:480:408
m<@https://m.media-amazon.com/images/I/11Y+5x+kkTL._RC|51RBtQqsEML.js,11yKORv-GTL.js,11GgN1+C7hL.js,01+z+uIeJ-L.js,01VRMV3FBdL.js,21BJeD9yjcL.js,01cS+tLhj4L.js,11rRjDLdAVL.js,51UOrPXYGsL.js,11YA5PIFcPL.js,11UNP9ncXuL.js,1174TO1N7GL.js,11EWRk6r74L.js,21paGe30x-L.js,01490L6yBnL.js,51nBtdyQGcL.js,01JYHc2oIlL.js,31nfKXylf6L.js,01ezj5Rkz1L.js,11bEz2VIYrL.js,31o2NGTXThL.js,01rpauTep4L.js,01RMmNcPMuL.js_.js?AUIClients/AmazonUI:483:29
b@https://m.media-amazon.com/images/I/11Y+5x+kkTL._RC|51RBtQqsEML.js,11yKORv-GTL.js,11GgN1+C7hL.js,01+z+uIeJ-L.js,01VRMV3FBdL.js,21BJeD9yjcL.js,01cS+tLhj4L.js,11rRjDLdAVL.js,51UOrPXYGsL.js,11YA5PIFcPL.js,11UNP9ncXuL.js,1174TO1N7GL.js,11EWRk6r74L.js,21paGe30x-L.js,01490L6yBnL.js,51nBtdyQGcL.js,01JYHc2oIlL.js,31nfKXylf6L.js,01ezj5Rkz1L.js,11bEz2VIYrL.js,31o2NGTXThL.js,01rpauTep4L.js,01RMmNcPMuL.js_.js?AUIClients/AmazonUI:482:403
guardTime/<@https://www.amazon.com/s/ref=nb_sb_noss?url=search-alias%3Daps&field-keywords=Ferrari+458:116:69
d</delay/f<@https://m.media-amazon.com/images/I/11Y+5x+kkTL._RC|51RBtQqsEML.js,11yKORv-GTL.js,11GgN1+C7hL.js,01+z+uIeJ-L.js,01VRMV3FBdL.js,21BJeD9yjcL.js,01cS+tLhj4L.js,11rRjDLdAVL.js,51UOrPXYGsL.js,11YA5PIFcPL.js,11UNP9ncXuL.js,1174TO1N7GL.js,11EWRk6r74L.js,21paGe30x-L.js,01490L6yBnL.js,51nBtdyQGcL.js,01JYHc2oIlL.js,31nfKXylf6L.js,01ezj5Rkz1L.js,11bEz2VIYrL.js,31o2NGTXThL.js,01rpauTep4L.js,01RMmNcPMuL.js_.js?AUIClients/AmazonUI:16:105
M/</<@https://www.amazon.com/s/ref=nb_sb_noss?url=search-alias%3Daps&field-keywords=Ferrari+458:112:111
d</delay/<@https://m.media-amazon.com/images/I/11Y+5x+kkTL._RC|51RBtQqsEML.js,11yKORv-GTL.js,11GgN1+C7hL.js,01+z+uIeJ-L.js,01VRMV3FBdL.js,21BJeD9yjcL.js,01cS+tLhj4L.js,11rRjDLdAVL.js,51UOrPXYGsL.js,11YA5PIFcPL.js,11UNP9ncXuL.js,1174TO1N7GL.js,11EWRk6r74L.js,21paGe30x-L.js,01490L6yBnL.js,51nBtdyQGcL.js,01JYHc2oIlL.js,31nfKXylf6L.js,01ezj5Rkz1L.js,11bEz2VIYrL.js,31o2NGTXThL.js,01rpauTep4L.js,01RMmNcPMuL.js_.js?AUIClients/AmazonUI:16:209

Dynamically enable window occlusion 1
