1708939690145	geckodriver	INFO	Listening on 127.0.0.1:53083
1708939693183	mozrunner::runner	INFO	Running command: "C:\\Program Files\\Mozilla Firefox\\firefox.exe" "--marionette" "--remote-debugging-port" "53084" "--remote-allow-hosts" "localhost" "-no-remote" "-profile" "C:\\Users\\SOUNDH~1.MK\\AppData\\Local\\Temp\\rust_mozprofileNQYEjj"
console.warn: services.settings: Ignoring preference override of remote settings server
console.warn: services.settings: Allow by setting MOZ_REMOTE_SETTINGS_DEVTOOLS=1 in the environment
1708939693597	Marionette	INFO	Marionette enabled
Dynamically enable window occlusion 0
1708939693690	Marionette	INFO	Listening on port 53092
Read port: 53092
WebDriver BiDi listening on ws://127.0.0.1:53084
1708939693766	RemoteAgent	WARN	TLS certificate errors will be ignored for this session
DevTools listening on ws://127.0.0.1:53084/devtools/browser/9285e0fb-cb3c-4b17-a17f-f11f205d27f3
JavaScript warning: https://www.amazon.com/, line 1955: WEBGL_debug_renderer_info is deprecated in Firefox and will be removed. Please use RENDERER.
console.warn: LoginRecipes: "Falling back to a synchronous message for: https://www.amazon.com."
JavaScript error: , line 0: uncaught exception: 
JavaScript error: , line 0: uncaught exception: 
JavaScript error: , line 0: uncaught exception: 
JavaScript error: , line 0: uncaught exception: 
JavaScript error: , line 0: uncaught exception: 
JavaScript error: , line 0: uncaught exception: 
JavaScript error: , line 0: uncaught exception: 
JavaScript error: , line 0: uncaught exception: 
JavaScript error: , line 0: uncaught exception: 
JavaScript error: , line 0: uncaught exception: 
JavaScript error: , line 0: uncaught exception: 
JavaScript error: , line 0: uncaught exception: 
JavaScript error: , line 0: uncaught exception: 
JavaScript warning: https://www.amazon.com/s?k=Ferrari+458&ref=nb_sb_noss, line 5422: WEBGL_debug_renderer_info is deprecated in Firefox and will be removed. Please use RENDERER.
JavaScript error: , line 0: uncaught exception: 
JavaScript warning: https://m.media-amazon.com/images/I/91QZqFTVjBL.js, line 2: Script terminated by timeout at:
3637@https://m.media-amazon.com/images/I/91QZqFTVjBL.js:2:224968
a@https://m.media-amazon.com/images/I/91QZqFTVjBL.js:25:232731
3175@https://m.media-amazon.com/images/I/91QZqFTVjBL.js:2:231411
a@https://m.media-amazon.com/images/I/91QZqFTVjBL.js:25:232731
4543@https://m.media-amazon.com/images/I/91QZqFTVjBL.js:2:224595
a@https://m.media-amazon.com/images/I/91QZqFTVjBL.js:25:232731
3540@https://m.media-amazon.com/images/I/91QZqFTVjBL.js:2:181653
a@https://m.media-amazon.com/images/I/91QZqFTVjBL.js:25:232731
8433@https://m.media-amazon.com/images/I/91QZqFTVjBL.js:2:95161
a@https://m.media-amazon.com/images/I/91QZqFTVjBL.js:25:232731
7786@https://m.media-amazon.com/images/I/91QZqFTVjBL.js:2:116782
a@https://m.media-amazon.com/images/I/91QZqFTVjBL.js:25:232731
5951@https://m.media-amazon.com/images/I/91QZqFTVjBL.js:2:185964
a@https://m.media-amazon.com/images/I/91QZqFTVjBL.js:25:232731
7887@https://m.media-amazon.com/images/I/91QZqFTVjBL.js:2:205212
a@https://m.media-amazon.com/images/I/91QZqFTVjBL.js:25:232731
317@https://m.media-amazon.com/images/I/91QZqFTVjBL.js:2:166964
a@https://m.media-amazon.com/images/I/91QZqFTVjBL.js:25:232731
5998@https://m.media-amazon.com/images/I/91QZqFTVjBL.js:2:26904
a@https://m.media-amazon.com/images/I/91QZqFTVjBL.js:25:232731
7809@https://m.media-amazon.com/images/I/91QZqFTVjBL.js:2:31112
a@https://m.media-amazon.com/images/I/91QZqFTVjBL.js:25:232731
6771@https://m.media-amazon.com/images/I/91QZqFTVjBL.js:2:147543
a@https://m.media-amazon.com/images/I/91QZqFTVjBL.js:25:232731
3498@https://m.media-amazon.com/images/I/91QZqFTVjBL.js:2:149377
a@https://m.media-amazon.com/images/I/91QZqFTVjBL.js:25:232731
724@https://m.media-amazon.com/images/I/91QZqFTVjBL.js:2:153088
a@https://m.media-amazon.com/images/I/91QZqFTVjBL.js:25:232731
6655@https://m.media-amazon.com/images/I/91QZqFTVjBL.js:2:240363
a@https://m.media-amazon.com/images/I/91QZqFTVjBL.js:25:232731
8872@https://m.media-amazon.com/images/I/91QZqFTVjBL.js:2:156897
a@https://m.media-amazon.com/images/I/91QZqFTVjBL.js:25:232731
6431@https://m.media-amazon.com/images/I/91QZqFTVjBL.js:2:206958
a@https://m.media-amazon.com/images/I/91QZqFTVjBL.js:25:232731
640@https://m.media-amazon.com/images/I/91QZqFTVjBL.js:2:136189
a@https://m.media-amazon.com/images/I/91QZqFTVjBL.js:25:232731
2872@https://m.media-amazon.com/images/I/91QZqFTVjBL.js:2:137162
a@https://m.media-amazon.com/images/I/91QZqFTVjBL.js:25:232731
5692@https://m.media-amazon.com/images/I/91QZqFTVjBL.js:2:626
a@https://m.media-amazon.com/images/I/91QZqFTVjBL.js:25:232731
@https://m.media-amazon.com/images/I/91QZqFTVjBL.js:25:236075
@https://m.media-amazon.com/images/I/91QZqFTVjBL.js:25:237476
@https://m.media-amazon.com/images/I/91QZqFTVjBL.js:25:237490

JavaScript warning: https://www.amazon.com/RASTAR-Ferrari-Remote-Control-Italia/dp/B06ZZLKDL9/ref=sr_1_2?dib=eyJ2IjoiMSJ9.E4SH9I-unzFj-sbLgAbmR5DovcodEK0pQxitGRIR3aB3Gda4DhYKxz-f_O_zWOlkcGDUI5AciJAhZ123zACmIQq6WJX5eWb8okU7kXc7Vl25KFc6OybHrna8ZhsXY-L99911dPSnoyjAMylcKyRUM-uIBstpZa3I9f4U9q8toHUnlpFeRnkPHFFX2IvosUSiqVUr03m3dIVNDRq6bWDVd-vfUVouWBY4lmS_nh20aUPiV6mhccjGGZpeLhLZbwp8odGXKfxj6-Pjex7UKx06MQcM11V9FQosK8K1yNE6lTc.FRjF-3Nte1djW0pzq-DQn6E76zTln3VECJD-lxSYkkw&dib_tag=se&keywords=Ferrari+458&qid=1708939702&sr=8-2, line 11789: WEBGL_debug_renderer_info is deprecated in Firefox and will be removed. Please use RENDERER.
console.warn: LoginRecipes: "Falling back to a synchronous message for: https://www.amazon.com."
JavaScript error: , line 0: TypeError: NetworkError when attempting to fetch resource.
JavaScript error: , line 0: TypeError: NetworkError when attempting to fetch resource.
JavaScript error: , line 0: TypeError: NetworkError when attempting to fetch resource.
JavaScript warning: https://m.media-amazon.com/images/I/91QZqFTVjBL.js, line 25: Script terminated by timeout at:
t/<@https://m.media-amazon.com/images/I/91QZqFTVjBL.js:25:53305
t@https://m.media-amazon.com/images/I/91QZqFTVjBL.js:25:53348
1991/</n</<@https://m.media-amazon.com/images/I/91QZqFTVjBL.js:25:53705
r@https://m.media-amazon.com/images/I/91QZqFTVjBL.js:2:52622
Mt@https://m.media-amazon.com/images/I/714nITfCSzL.js:2:49221
Cc@https://m.media-amazon.com/images/I/714nITfCSzL.js:2:129090
Il@https://m.media-amazon.com/images/I/714nITfCSzL.js:2:94369
Ol@https://m.media-amazon.com/images/I/714nITfCSzL.js:2:94193
Fl@https://m.media-amazon.com/images/I/714nITfCSzL.js:2:94049
xl@https://m.media-amazon.com/images/I/714nITfCSzL.js:2:88676
v@https://m.media-amazon.com/images/I/31OyASKbVLL.js:2:3386
ce@https://m.media-amazon.com/images/I/31OyASKbVLL.js:2:5527

1708939723653	addons.xpi	ERROR	System addon update list error SyntaxError: XMLHttpRequest.open: 'http://%(server)s/dummy-system-addons.xml' is not a valid URL.
JavaScript warning: https://www.amazon.com/cart/add-to-cart/ref=dp_start-bbf_1_glance, line 3102: WEBGL_debug_renderer_info is deprecated in Firefox and will be removed. Please use RENDERER.
1708939744525	Marionette	INFO	Stopped listening on port 53092
JavaScript warning: https://www.amazon.com/cart/add-to-cart/ref=dp_start-bbf_1_glance, line 3103: Script terminated by timeout at:
U@https://www.amazon.com/cart/add-to-cart/ref=dp_start-bbf_1_glance:3103:1138

Dynamically enable window occlusion 1
