1708897209988	geckodriver	INFO	Listening on 127.0.0.1:50578
1708897213121	mozrunner::runner	INFO	Running command: "C:\\Program Files\\Mozilla Firefox\\firefox.exe" "--marionette" "--remote-debugging-port" "50579" "--remote-allow-hosts" "localhost" "-no-remote" "-profile" "C:\\Users\\SOUNDH~1.MK\\AppData\\Local\\Temp\\rust_mozprofilezOSwgS"
console.warn: services.settings: Ignoring preference override of remote settings server
console.warn: services.settings: Allow by setting MOZ_REMOTE_SETTINGS_DEVTOOLS=1 in the environment
1708897213513	Marionette	INFO	Marionette enabled
Dynamically enable window occlusion 0
1708897213605	Marionette	INFO	Listening on port 50588
WebDriver BiDi listening on ws://127.0.0.1:50579
Read port: 50588
1708897213850	RemoteAgent	WARN	TLS certificate errors will be ignored for this session
DevTools listening on ws://127.0.0.1:50579/devtools/browser/9dd49641-69d7-47e3-a4da-f819abbc0461
JavaScript warning: https://www.amazon.com/, line 1987: WEBGL_debug_renderer_info is deprecated in Firefox and will be removed. Please use RENDERER.
[GFX1-]: DCompositionSurface::BeginDraw failed: 0x8007000e Rect(x=524288, y=524288, w=1024, h=512)
[GFX1-]: DCompositionSurface::BeginDraw failed: 0x8007000e Rect(x=524288, y=524288, w=1024, h=512)
[GFX1-]: DCompositionSurface::BeginDraw failed: 0x8007000e Rect(x=524288, y=524800, w=1024, h=512)
[GFX1-]: Handling webrender error[GFX1-]: wr_rendere 4
r_render: OutOfMemory
[GFX1-]: Fallback WR to SW-WR + D3D11
console.error: ({})
<jemalloc>: (malloc) Error initializing arena
A content process crashed and MOZ_CRASHREPORTER_SHUTDOWN is set, shutting down
Hit MOZ_CRASH([unhandlable oom] Failed to allocate new chunk during GC) at /builds/worker/checkouts/gecko/js/src/vm/JSContext.cpp:1252
Marionette threw an error: TypeError: browsingContext.currentWindowGlobal is null
getMarionetteCommandsActorProxy/get/<@chrome://remote/content/marionette/actors/MarionetteCommandsParent.sys.mjs:360:17
permitUnload@chrome://global/content/elements/browser-custom-element.js:1746:21
CanCloseWindow@chrome://browser/content/browser.js:7997:36
canClose@chrome://browser/content/browser.js:6410:12
observe@resource:///modules/ContentCrashHandlers.sys.mjs:165:28

console.error: "Marionette threw an error: TypeError: browsingContext.currentWindowGlobal is null\ngetMarionetteCommandsActorProxy/get/<@chrome://remote/content/marionette/actors/MarionetteCommandsParent.sys.mjs:360:17\npermitUnload@chrome://global/content/elements/browser-custom-element.js:1746:21\nCanCloseWindow@chrome://browser/content/browser.js:7997:36\ncanClose@chrome://browser/content/browser.js:6410:12\nobserve@resource:///modules/ContentCrashHandlers.sys.mjs:165:28\n"
A content process crashed and MOZ_CRASHREPORTER_SHUTDOWN is set, shutting down
[GFX1-]: wr_renderer_render: OutOfMemory
[GFX1-]: Handling webrender error 2
[GFX1-]: Fallback SW-WR + D3D11 to SW-WR
1708897221616	Marionette	INFO	Stopped listening on port 50588
Dynamically enable window occlusion 1
Marionette threw an error: TypeError: win is null
capture.canvas@chrome://remote/content/shared/Capture.sys.mjs:77:17
takeScreenshot@chrome://remote/content/marionette/actors/MarionetteCommandsParent.sys.mjs:295:37

console.error: "Marionette threw an error: TypeError: win is null\ncapture.canvas@chrome://remote/content/shared/Capture.sys.mjs:77:17\ntakeScreenshot@chrome://remote/content/marionette/actors/MarionetteCommandsParent.sys.mjs:295:37\n"
