1708876922165	geckodriver	INFO	Listening on 127.0.0.1:51700
1708876925207	mozrunner::runner	INFO	Running command: "C:\\Program Files\\Mozilla Firefox\\firefox.exe" "--marionette" "--remote-debugging-port" "51701" "--remote-allow-hosts" "localhost" "-no-remote" "-profile" "C:\\Users\\SOUNDH~1.MK\\AppData\\Local\\Temp\\rust_mozprofile1Nv8Wb"
console.warn: services.settings: Ignoring preference override of remote settings server
console.warn: services.settings: Allow by setting MOZ_REMOTE_SETTINGS_DEVTOOLS=1 in the environment
1708876925585	Marionette	INFO	Marionette enabled
Dynamically enable window occlusion 0
1708876925676	Marionette	INFO	Listening on port 51709
WebDriver BiDi listening on ws://127.0.0.1:51701
Read port: 51709
1708876925970	RemoteAgent	WARN	TLS certificate errors will be ignored for this session
DevTools listening on ws://127.0.0.1:51701/devtools/browser/60dfe109-2aaf-485f-a89b-25f02295c76c
[GFX1-]: Failed to link shader program: cs_linear_gradient
error X8000: D3D11 Internal Compiler Error: Invalid Bytecode: Failed to parse shader using reference shader parser: 0x8007000e

Warning: D3D shader compilation failed with default flags. (ps_5_0)
 Retrying with skip validation
error X8000: D3D11 Internal Compiler Error: Invalid Bytecode: Failed to parse shader using reference shader parser: 0x8007000e

Warning: D3D shader compilation failed with skip validation flags. (ps_5_0)
 Retrying with skip optimization
error X8000: D3D11 Internal Compiler Error: Invalid Bytecode: Failed to parse shader using reference shader parser: 0x8007000e

Warning: D3D shader compilation failed with skip optimization flags. (ps_5_0)

Failed to create D3D Shaders

[ERROR webrender::device::gl] Failed to link shader program: cs_linear_gradient
    error X8000: D3D11 Internal Compiler Error: Invalid Bytecode: Failed to parse shader using reference shader parser: 0x8007000e
    
    Warning: D3D shader compilation failed with default flags. (ps_5_0)
     Retrying with skip validation
    error X8000: D3D11 Internal Compiler Error: Invalid Bytecode: Failed to parse shader using reference shader parser: 0x8007000e
    
    Warning: D3D shader compilation failed with skip validation flags. (ps_5_0)
     Retrying with skip optimization
    error X8000: D3D11 Internal Compiler Error: Invalid Bytecode: Failed to parse shader using reference shader parser: 0x8007000e
    
    Warning: D3D shader compilation failed with skip optimization flags. (ps_5_0)
    
    Failed to create D3D Shaders
    
ERR: DisplayD3D.cpp:158 (CreateRendererD3D): Failed to create D3D renderer: Could not create D3D11 device.
JavaScript warning: https://www.amazon.com/, line 1011: Failed to create WebGL context: WebGL actor Initialize failed
[GFX1-[GFX1-]: CompositorBridgeChild receives IPC close with reason=AbnormalShutdown
[GFX1-]: CompositorBridgeChild receives IPC close with reason=AbnormalShutdown
]: CompositorBridgeChild receives IPC close with reason=AbnormalShutdown
[GFX1-]: CompositorBridgeChild receives IPC close with reason=AbnormalShutdown
[GFX1-]: CompositorBridgeChild receives IPC close with reason=AbnormalShutdown
[GFX1-]: CompositorBridgeChild receives IPC close with reason=AbnormalShutdown
[GFX1-]: wr_renderer_render: OutOfMemory
[GFX1-]: Handling webrender error 2
[GFX1-]: Fallback WR to SW-WR + D3D11
[GFX1-]: DCompositionSurface::BeginDraw failed: 0x8007000e Rect(x=524288, y=524288, w=1024, h=512)
[GFX1-]: wr_renderer_render: OutOfMemory
[GFX1-]: [D3D11] create swap chain failed: 0x8007000e, 0
[GFX1-]: Failed to initialize CompositorD3D11 for SWGL: FEATURE_FAILURE_D3D11_SWAP_CHAIN
out of memory: 0x0000000000100000 bytes requested
[GFX1-]: CompositorBridgeChild receives IPC close with reason=AbnormalShutdown
[GFX1-]: CompositorBridgeChild receives IPC close with reason=AbnormalShutdown
[GFX1-]: CompositorBridgeChild receives IPC close with reason=AbnormalShutdown
[[GFX1-]: CompositorBridgeChild receives IPC close with reason=AbnormalShutdown
GFX1-]: CompositorBridgeChild receives IPC close with reason=AbnormalShutdown
[GFX1-]: CompositorBridgeChild receives IPC close with reason=AbnormalShutdown
[GFX1-]: CompositorBridgeChild receives IPC close with reason=AbnormalShutdown
Marionette threw an error: <unprintable error>
console.error: "Marionette threw an error: <unprintable error>"
JavaScript warning: https://m.media-amazon.com/images/I/81BKPXF14nL.js?AUIClients/FWCIMAssets, line 298: WEBGL_debug_renderer_info is deprecated in Firefox and will be removed. Please use RENDERER.
1708876956882	addons.xpi	ERROR	System addon update list error SyntaxError: XMLHttpRequest.open: 'http://%(server)s/dummy-system-addons.xml' is not a valid URL.
1708876992637	Marionette	INFO	Stopped listening on port 51709
Dynamically enable window occlusion 1
JavaScript error: chrome://remote/content/marionette/cert.sys.mjs, line 47: NS_ERROR_NOT_AVAILABLE: Component returned failure code: 0x80040111 (NS_ERROR_NOT_AVAILABLE) [nsICertOverrideService.setDisableAllSecurityChecksAndLetAttackersInterceptMyData]
!!! error running onStopped callback: TypeError: callback is not a function
Exiting due to channel error.
Exiting due to channel error.
Exiting due to channel error.
