1708938571319	geckodriver	INFO	Listening on 127.0.0.1:51639
1708938574407	mozrunner::runner	INFO	Running command: "C:\\Program Files\\Mozilla Firefox\\firefox.exe" "--marionette" "--remote-debugging-port" "51640" "--remote-allow-hosts" "localhost" "-no-remote" "-profile" "C:\\Users\\SOUNDH~1.MK\\AppData\\Local\\Temp\\rust_mozprofilevcUaDf"
console.warn: services.settings: Ignoring preference override of remote settings server
console.warn: services.settings: Allow by setting MOZ_REMOTE_SETTINGS_DEVTOOLS=1 in the environment
1708938574866	Marionette	INFO	Marionette enabled
Dynamically enable window occlusion 0
1708938574983	Marionette	INFO	Listening on port 51663
WebDriver BiDi listening on ws://127.0.0.1:51640
Read port: 51663
1708938575224	RemoteAgent	WARN	TLS certificate errors will be ignored for this session
DevTools listening on ws://127.0.0.1:51640/devtools/browser/fadbfaaa-e223-401a-bfdc-ec4e811cd6a0
JavaScript warning: https://www.amazon.com/, line 1957: WEBGL_debug_renderer_info is deprecated in Firefox and will be removed. Please use RENDERER.
console.warn: LoginRecipes: "Falling back to a synchronous message for: https://www.amazon.com."
JavaScript error: , line 0: uncaught exception: 
JavaScript error: , line 0: uncaught exception: 
JavaScript error: , line 0: uncaught exception: 
JavaScript error: , line 0: uncaught exception: 
JavaScript error: , line 0: uncaught exception: 
JavaScript error: , line 0: uncaught exception: 
JavaScript error: , line 0: uncaught exception: 
JavaScript error: , line 0: uncaught exception: 
JavaScript error: , line 0: uncaught exception: 
JavaScript error: , line 0: uncaught exception: 
JavaScript error: , line 0: uncaught exception: 
JavaScript error: , line 0: uncaught exception: 
JavaScript error: , line 0: uncaught exception: 
JavaScript warning: https://www.amazon.com/s?k=Ferrari+458&ref=nb_sb_noss, line 5823: WEBGL_debug_renderer_info is deprecated in Firefox and will be removed. Please use RENDERER.
JavaScript error: , line 0: uncaught exception: 
JavaScript warning: https://www.amazon.com/RASTAR-Ferrari-Remote-Control-Italia/dp/B06ZZLKDL9/ref=sr_1_2?dib=eyJ2IjoiMSJ9.E4SH9I-unzFj-sbLgAbmR5DovcodEK0pQxitGRIR3aB3Gda4DhYKxz-f_O_zWOlkcGDUI5AciJAhZ123zACmIQq6WJX5eWb8okU7kXc7Vl25KFc6OybHrna8ZhsXY-L99911dPSnoyjAMylcKyRUM-uIBstpZa3I9f4U9q8toHUnlpFeRnkPHFFX2IvosUSiqVUr03m3dIVNDRq6bWDVd-vfUVouWBY4lmS_nh20aUPiV6mhccjGGZpeLhLZbwp8odGXKfxj6-Pjex7UKx06MQcM11V9FQosK8K1yNE6lTc.wc4g_xYBjRR7lIIZIFj5wBcnWj-oYCF9BnFXtcQgkSw&dib_tag=se&keywords=Ferrari+458&qid=1708938584&sr=8-2, line 12532: WEBGL_debug_renderer_info is deprecated in Firefox and will be removed. Please use RENDERER.
1708938589212	Marionette	INFO	Stopped listening on port 51663
JavaScript warning: https://www.amazon.com/RASTAR-Ferrari-Remote-Control-Italia/dp/B06ZZLKDL9/ref=sr_1_2?dib=eyJ2IjoiMSJ9.E4SH9I-unzFj-sbLgAbmR5DovcodEK0pQxitGRIR3aB3Gda4DhYKxz-f_O_zWOlkcGDUI5AciJAhZ123zACmIQq6WJX5eWb8okU7kXc7Vl25KFc6OybHrna8ZhsXY-L99911dPSnoyjAMylcKyRUM-uIBstpZa3I9f4U9q8toHUnlpFeRnkPHFFX2IvosUSiqVUr03m3dIVNDRq6bWDVd-vfUVouWBY4lmS_nh20aUPiV6mhccjGGZpeLhLZbwp8odGXKfxj6-Pjex7UKx06MQcM11V9FQosK8K1yNE6lTc.wc4g_xYBjRR7lIIZIFj5wBcnWj-oYCF9BnFXtcQgkSw&dib_tag=se&keywords=Ferrari+458&qid=1708938584&sr=8-2, line 12533: Script terminated by timeout at:
g@https://www.amazon.com/RASTAR-Ferrari-Remote-Control-Italia/dp/B06ZZLKDL9/ref=sr_1_2?dib=eyJ2IjoiMSJ9.E4SH9I-unzFj-sbLgAbmR5DovcodEK0pQxitGRIR3aB3Gda4DhYKxz-f_O_zWOlkcGDUI5AciJAhZ123zACmIQq6WJX5eWb8okU7kXc7Vl25KFc6OybHrna8ZhsXY-L99911dPSnoyjAMylcKyRUM-uIBstpZa3I9f4U9q8toHUnlpFeRnkPHFFX2IvosUSiqVUr03m3dIVNDRq6bWDVd-vfUVouWBY4lmS_nh20aUPiV6mhccjGGZpeLhLZbwp8odGXKfxj6-Pjex7UKx06MQcM11V9FQosK8K1yNE6lTc.wc4g_xYBjRR7lIIZIFj5wBcnWj-oYCF9BnFXtcQgkSw&dib_tag=se&keywords=Ferrari+458&qid=1708938584&sr=8-2:12533:677
U@https://www.amazon.com/RASTAR-Ferrari-Remote-Control-Italia/dp/B06ZZLKDL9/ref=sr_1_2?dib=eyJ2IjoiMSJ9.E4SH9I-unzFj-sbLgAbmR5DovcodEK0pQxitGRIR3aB3Gda4DhYKxz-f_O_zWOlkcGDUI5AciJAhZ123zACmIQq6WJX5eWb8okU7kXc7Vl25KFc6OybHrna8ZhsXY-L99911dPSnoyjAMylcKyRUM-uIBstpZa3I9f4U9q8toHUnlpFeRnkPHFFX2IvosUSiqVUr03m3dIVNDRq6bWDVd-vfUVouWBY4lmS_nh20aUPiV6mhccjGGZpeLhLZbwp8odGXKfxj6-Pjex7UKx06MQcM11V9FQosK8K1yNE6lTc.wc4g_xYBjRR7lIIZIFj5wBcnWj-oYCF9BnFXtcQgkSw&dib_tag=se&keywords=Ferrari+458&qid=1708938584&sr=8-2:12533:1057

JavaScript warning: https://m.media-amazon.com/images/I/91QZqFTVjBL.js, line 2: Script terminated by timeout at:
4059/t.usePositionTracking/</t<@https://m.media-amazon.com/images/I/91QZqFTVjBL.js:2:200575

Dynamically enable window occlusion 1
