1708941696692	geckodriver	INFO	Listening on 127.0.0.1:54469
1708941699751	mozrunner::runner	INFO	Running command: "C:\\Program Files\\Mozilla Firefox\\firefox.exe" "--marionette" "--remote-debugging-port" "54470" "--remote-allow-hosts" "localhost" "-no-remote" "-profile" "C:\\Users\\SOUNDH~1.MK\\AppData\\Local\\Temp\\rust_mozprofilePikImY"
console.warn: services.settings: Ignoring preference override of remote settings server
console.warn: services.settings: Allow by setting MOZ_REMOTE_SETTINGS_DEVTOOLS=1 in the environment
1708941700304	Marionette	INFO	Marionette enabled
Dynamically enable window occlusion 0
1708941700429	Marionette	INFO	Listening on port 54480
WebDriver BiDi listening on ws://127.0.0.1:54470
Read port: 54480
1708941700717	RemoteAgent	WARN	TLS certificate errors will be ignored for this session
DevTools listening on ws://127.0.0.1:54470/devtools/browser/b52fb498-9b2b-4177-bd44-72f1be4cb356
JavaScript warning: https://www.amazon.com/, line 1955: WEBGL_debug_renderer_info is deprecated in Firefox and will be removed. Please use RENDERER.
console.warn: LoginRecipes: "Falling back to a synchronous message for: https://www.amazon.com."
JavaScript error: , line 0: uncaught exception: 
JavaScript error: , line 0: uncaught exception: 
JavaScript error: , line 0: uncaught exception: 
JavaScript error: , line 0: uncaught exception: 
JavaScript error: , line 0: uncaught exception: 
JavaScript error: , line 0: uncaught exception: 
JavaScript error: , line 0: uncaught exception: 
JavaScript error: , line 0: uncaught exception: 
JavaScript error: , line 0: uncaught exception: 
JavaScript error: , line 0: uncaught exception: 
JavaScript error: , line 0: uncaught exception: 
JavaScript error: , line 0: uncaught exception: 
JavaScript error: , line 0: uncaught exception: 
JavaScript warning: https://www.amazon.com/s?k=Ferrari+458&ref=nb_sb_noss, line 5770: WEBGL_debug_renderer_info is deprecated in Firefox and will be removed. Please use RENDERER.
JavaScript warning: https://m.media-amazon.com/images/I/714nITfCSzL.js, line 2: Script terminated by timeout at:
xt@https://m.media-amazon.com/images/I/714nITfCSzL.js:2:47959
Os@https://m.media-amazon.com/images/I/714nITfCSzL.js:2:125987
Xr@https://m.media-amazon.com/images/I/714nITfCSzL.js:2:68790
Bl@https://m.media-amazon.com/images/I/714nITfCSzL.js:2:94544
Il@https://m.media-amazon.com/images/I/714nITfCSzL.js:2:94420
Ol@https://m.media-amazon.com/images/I/714nITfCSzL.js:2:94193
Fl@https://m.media-amazon.com/images/I/714nITfCSzL.js:2:94049
xl@https://m.media-amazon.com/images/I/714nITfCSzL.js:2:88676
v@https://m.media-amazon.com/images/I/31OyASKbVLL.js:2:3386
ce@https://m.media-amazon.com/images/I/31OyASKbVLL.js:2:5527

JavaScript warning: https://www.amazon.com/RASTAR-Ferrari-Remote-Control-Italia/dp/B06ZZLKDL9/ref=sr_1_1?dib=eyJ2IjoiMSJ9.E4SH9I-unzFj-sbLgAbmR5DovcodEK0pQxitGRIR3aB3Gda4DhYKxz-f_O_zWOlkcGDUI5AciJAhZ123zACmIfDdYKey8Y7gJUCn7CcJ6hr2_75g1gwLGaYMzj57BX8a9911dPSnoyjAMylcKyRUM-uIBstpZa3I9f4U9q8toHUnlpFeRnkPHFFX2IvosUSiqVUr03m3dIVNDRq6bWDVdwn-tWiX4F-v22-n732Il2GWnx5vVY1dv2mLBvaYmuLvkhc4PnckIaZFv1YWm2rBUQcM11V9FQosK8K1yNE6lTc.1-Crhm_YFmoM0i6anJmqjoABMlsIQANG1FWGHubFrSQ&dib_tag=se&keywords=Ferrari+458&qid=1708941710&sr=8-1, line 11789: WEBGL_debug_renderer_info is deprecated in Firefox and will be removed. Please use RENDERER.
console.warn: LoginRecipes: "Falling back to a synchronous message for: https://www.amazon.com."
JavaScript error: , line 0: uncaught exception: 
JavaScript warning: https://m.media-amazon.com/images/I/714nITfCSzL.js, line 2: Script terminated by timeout at:
Xr@https://m.media-amazon.com/images/I/714nITfCSzL.js:2:68238
Bl@https://m.media-amazon.com/images/I/714nITfCSzL.js:2:94544
Il@https://m.media-amazon.com/images/I/714nITfCSzL.js:2:94420
Ol@https://m.media-amazon.com/images/I/714nITfCSzL.js:2:94193
Fl@https://m.media-amazon.com/images/I/714nITfCSzL.js:2:94049
xl@https://m.media-amazon.com/images/I/714nITfCSzL.js:2:88676
v@https://m.media-amazon.com/images/I/31OyASKbVLL.js:2:3386
ce@https://m.media-amazon.com/images/I/31OyASKbVLL.js:2:5527

JavaScript warning: https://www.amazon.com/cart/add-to-cart/ref=dp_start-bbf_1_glance, line 3102: WEBGL_debug_renderer_info is deprecated in Firefox and will be removed. Please use RENDERER.
1708941711487	Marionette	INFO	Stopped listening on port 54480
JavaScript warning: https://www.amazon.com/cart/add-to-cart/ref=dp_start-bbf_1_glance, line 261: Script terminated by timeout at:
E@https://www.amazon.com/cart/add-to-cart/ref=dp_start-bbf_1_glance:261:582
t.UUID@https://www.amazon.com/cart/add-to-cart/ref=dp_start-bbf_1_glance:261:1469
Y@https://www.amazon.com/cart/add-to-cart/ref=dp_start-bbf_1_glance:3078:13497
w[3]@https://www.amazon.com/cart/add-to-cart/ref=dp_start-bbf_1_glance:3078:15150
q@https://www.amazon.com/cart/add-to-cart/ref=dp_start-bbf_1_glance:3078:13346
D/<@https://www.amazon.com/cart/add-to-cart/ref=dp_start-bbf_1_glance:261:686

Dynamically enable window occlusion 1
