1708941101170	geckodriver	INFO	Listening on 127.0.0.1:53925
1708941104228	mozrunner::runner	INFO	Running command: "C:\\Program Files\\Mozilla Firefox\\firefox.exe" "--marionette" "--remote-debugging-port" "53926" "--remote-allow-hosts" "localhost" "-no-remote" "-profile" "C:\\Users\\SOUNDH~1.MK\\AppData\\Local\\Temp\\rust_mozprofilekU2eqU"
console.warn: services.settings: Ignoring preference override of remote settings server
console.warn: services.settings: Allow by setting MOZ_REMOTE_SETTINGS_DEVTOOLS=1 in the environment
1708941104652	Marionette	INFO	Marionette enabled
Dynamically enable window occlusion 0
1708941104742	Marionette	INFO	Listening on port 53934
WebDriver BiDi listening on ws://127.0.0.1:53926
Read port: 53934
1708941104953	RemoteAgent	WARN	TLS certificate errors will be ignored for this session
DevTools listening on ws://127.0.0.1:53926/devtools/browser/66ddb833-9d12-4d97-b34f-09d860b6f58c
JavaScript warning: https://www.amazon.com/, line 1991: WEBGL_debug_renderer_info is deprecated in Firefox and will be removed. Please use RENDERER.
console.warn: LoginRecipes: "Falling back to a synchronous message for: https://www.amazon.com."
JavaScript error: , line 0: uncaught exception: 
JavaScript error: , line 0: uncaught exception: 
JavaScript error: , line 0: uncaught exception: 
JavaScript error: , line 0: uncaught exception: 
JavaScript error: , line 0: uncaught exception: 
JavaScript error: , line 0: uncaught exception: 
JavaScript error: , line 0: uncaught exception: 
JavaScript error: , line 0: uncaught exception: 
JavaScript error: , line 0: uncaught exception: 
JavaScript error: , line 0: uncaught exception: 
JavaScript error: , line 0: uncaught exception: 
JavaScript error: , line 0: uncaught exception: 
JavaScript error: , line 0: uncaught exception: 
JavaScript warning: https://www.amazon.com/s?k=Ferrari+458&ref=nb_sb_noss, line 5454: WEBGL_debug_renderer_info is deprecated in Firefox and will be removed. Please use RENDERER.
JavaScript error: , line 0: uncaught exception: 
JavaScript warning: https://www.amazon.com/RASTAR-Ferrari-Remote-Control-Italia/dp/B06ZZLKDL9/ref=sr_1_2?dib=eyJ2IjoiMSJ9.E4SH9I-unzFj-sbLgAbmR5DovcodEK0pQxitGRIR3aAN7oU54l07a5hLR1QD18nr6W4Qj1myBTNrhxckgvxDb7ihtq1oGOSeuTahKfWoVKWEi-m_--KH-yquFKaX9-W2BkBy3XnQ13w8b5Ub7O7ZvuuIBstpZa3I9f4U9q8toHVg5X7RjLWHlf9rub9pr-JLery1TOBYqIpdlg6B2IUb_uvfUVouWBY4lmS_nh20aUPToMbOihvInV6jxaU_nsWNlC36k8hbT00Xun2QVaxuLAcM11V9FQosK8K1yNE6lTc.4Syej3pSlvzJV3x8GtdIOaSlTp9kcJt0hmLrVY-pSzU&dib_tag=se&keywords=Ferrari+458&qid=1708941114&sr=8-2, line 11828: WEBGL_debug_renderer_info is deprecated in Firefox and will be removed. Please use RENDERER.
1708941113782	Marionette	INFO	Stopped listening on port 53934
JavaScript warning: https://images-na.ssl-images-amazon.com/images/S/apesafeframe/ape/sf/desktop/sf-1.50.88bea240.js, line 1: Script terminated by timeout at:
we/this.receiveMessage@https://images-na.ssl-images-amazon.com/images/S/apesafeframe/ape/sf/desktop/sf-1.50.88bea240.js:1:17700

Dynamically enable window occlusion 1
