1708943095785	geckodriver	INFO	Listening on 127.0.0.1:55047
1708943098835	mozrunner::runner	INFO	Running command: "C:\\Program Files\\Mozilla Firefox\\firefox.exe" "--marionette" "--remote-debugging-port" "55048" "--remote-allow-hosts" "localhost" "-no-remote" "-profile" "C:\\Users\\SOUNDH~1.MK\\AppData\\Local\\Temp\\rust_mozprofilevOooHU"
console.warn: services.settings: Ignoring preference override of remote settings server
console.warn: services.settings: Allow by setting MOZ_REMOTE_SETTINGS_DEVTOOLS=1 in the environment
1708943099114	Marionette	INFO	Marionette enabled
Dynamically enable window occlusion 0
1708943099176	Marionette	INFO	Listening on port 55056
WebDriver BiDi listening on ws://127.0.0.1:55048
Read port: 55056
1708943099324	RemoteAgent	WARN	TLS certificate errors will be ignored for this session
DevTools listening on ws://127.0.0.1:55048/devtools/browser/ac4fd398-b5ff-4857-ade0-fbcc7046e124
JavaScript warning: https://www.amazon.com/, line 1991: WEBGL_debug_renderer_info is deprecated in Firefox and will be removed. Please use RENDERER.
console.warn: LoginRecipes: "Falling back to a synchronous message for: https://www.amazon.com."
JavaScript error: , line 0: uncaught exception: 
JavaScript error: , line 0: uncaught exception: 
JavaScript error: , line 0: uncaught exception: 
JavaScript error: , line 0: uncaught exception: 
JavaScript error: , line 0: uncaught exception: 
JavaScript error: , line 0: uncaught exception: 
JavaScript error: , line 0: uncaught exception: 
JavaScript error: , line 0: uncaught exception: 
JavaScript error: , line 0: uncaught exception: 
JavaScript error: , line 0: uncaught exception: 
JavaScript error: , line 0: uncaught exception: 
JavaScript error: , line 0: uncaught exception: 
JavaScript error: , line 0: uncaught exception: 
JavaScript warning: https://www.amazon.com/s?k=Ferrari+458&ref=nb_sb_noss, line 5797: WEBGL_debug_renderer_info is deprecated in Firefox and will be removed. Please use RENDERER.
JavaScript warning: https://www.amazon.com/RASTAR-Ferrari-Remote-Control-Italia/dp/B06ZZLKDL9/ref=sr_1_2?dib=eyJ2IjoiMSJ9.E4SH9I-unzFj-sbLgAbmR5DovcodEK0pQxitGRIR3aB3Gda4DhYKxz-f_O_zWOlkcGDUI5AciJAhZ123zACmIQq6WJX5eWb8okU7kXc7Vl25KFc6OybHrna8ZhsXY-L99911dPSnoyjAMylcKyRUM-uIBstpZa3I9f4U9q8toHUnlpFeRnkPHFFX2IvosUSicEyt0Lulz-a1s4IgdgsTDfePhfyst2GiISQ86qG4CNDiV6mhccjGGZpeLhLZbwp8odGXKfxj6-Pjex7UKx06MQcM11V9FQosK8K1yNE6lTc.VTdg4WlCEifbEiYNS3BvAMN8KupsqsbbADmdsoooLPU&dib_tag=se&keywords=Ferrari+458&qid=1708943107&sr=8-2, line 11832: WEBGL_debug_renderer_info is deprecated in Firefox and will be removed. Please use RENDERER.
console.warn: LoginRecipes: "Falling back to a synchronous message for: https://www.amazon.com."
1708943129131	addons.xpi	ERROR	System addon update list error SyntaxError: XMLHttpRequest.open: 'http://%(server)s/dummy-system-addons.xml' is not a valid URL.
JavaScript warning: https://www.amazon.com/cart/add-to-cart/ref=dp_start-bbf_1_glance, line 3142: WEBGL_debug_renderer_info is deprecated in Firefox and will be removed. Please use RENDERER.
console.warn: LoginRecipes: "Falling back to a synchronous message for: https://www.amazon.com."
1708943150620	Marionette	INFO	Stopped listening on port 55056
JavaScript warning: https://images-na.ssl-images-amazon.com/images/I/61yXDIPmT-L._RC|11Y+5x+kkTL.js,51KMV3Cz2XL.js,31x4ENTlVIL.js,31f4+QIEeqL.js,01N6xzIJxbL.js,518BI433aLL.js,01rpauTep4L.js,31QZSjMuoeL.js,61ofwvddDeL.js,01KsMxlPtzL.js_.js?AUIClients/AmazonUI, line 215: Script terminated by timeout at:
b@https://images-na.ssl-images-amazon.com/images/I/61yXDIPmT-L._RC|11Y+5x+kkTL.js,51KMV3Cz2XL.js,31x4ENTlVIL.js,31f4+QIEeqL.js,01N6xzIJxbL.js,518BI433aLL.js,01rpauTep4L.js,31QZSjMuoeL.js,61ofwvddDeL.js,01KsMxlPtzL.js_.js?AUIClients/AmazonUI:215:84
@https://images-na.ssl-images-amazon.com/images/I/61yXDIPmT-L._RC|11Y+5x+kkTL.js,51KMV3Cz2XL.js,31x4ENTlVIL.js,31f4+QIEeqL.js,01N6xzIJxbL.js,518BI433aLL.js,01rpauTep4L.js,31QZSjMuoeL.js,61ofwvddDeL.js,01KsMxlPtzL.js_.js?AUIClients/AmazonUI:244:302
b/h<@https://images-na.ssl-images-amazon.com/images/I/61yXDIPmT-L._RC|11Y+5x+kkTL.js,51KMV3Cz2XL.js,31x4ENTlVIL.js,31f4+QIEeqL.js,01N6xzIJxbL.js,518BI433aLL.js,01rpauTep4L.js,31QZSjMuoeL.js,61ofwvddDeL.js,01KsMxlPtzL.js_.js?AUIClients/AmazonUI:217:331

Dynamically enable window occlusion 1
