1708941678085	geckodriver	INFO	Listening on 127.0.0.1:54370
1708941681126	mozrunner::runner	INFO	Running command: "C:\\Program Files\\Mozilla Firefox\\firefox.exe" "--marionette" "--remote-debugging-port" "54371" "--remote-allow-hosts" "localhost" "-no-remote" "-profile" "C:\\Users\\SOUNDH~1.MK\\AppData\\Local\\Temp\\rust_mozprofilertyneN"
console.warn: services.settings: Ignoring preference override of remote settings server
console.warn: services.settings: Allow by setting MOZ_REMOTE_SETTINGS_DEVTOOLS=1 in the environment
1708941681636	Marionette	INFO	Marionette enabled
Dynamically enable window occlusion 0
1708941681759	Marionette	INFO	Listening on port 54379
WebDriver BiDi listening on ws://127.0.0.1:54371
Read port: 54379
1708941682055	RemoteAgent	WARN	TLS certificate errors will be ignored for this session
DevTools listening on ws://127.0.0.1:54371/devtools/browser/47a175f7-2b28-4dd9-b977-50ee08cb27c3
JavaScript warning: https://www.amazon.com/, line 2004: WEBGL_debug_renderer_info is deprecated in Firefox and will be removed. Please use RENDERER.
console.warn: LoginRecipes: "Falling back to a synchronous message for: https://www.amazon.com."
JavaScript error: , line 0: uncaught exception: 
JavaScript error: , line 0: uncaught exception: 
JavaScript warning: https://www.amazon.com/s?k=Ferrari+458&ref=nb_sb_noss, line 5617: WEBGL_debug_renderer_info is deprecated in Firefox and will be removed. Please use RENDERER.
1708941688666	Marionette	WARN	Ignoring event 'DOMContentLoaded' because document has an invalid readyState of 'complete'.
JavaScript warning: https://m.media-amazon.com/images/I/91QZqFTVjBL.js, line 25: Script terminated by timeout at:
a.r@https://m.media-amazon.com/images/I/91QZqFTVjBL.js:25:234636
8583@https://m.media-amazon.com/images/I/91QZqFTVjBL.js:25:157750
a@https://m.media-amazon.com/images/I/91QZqFTVjBL.js:25:232731
201@https://m.media-amazon.com/images/I/91QZqFTVjBL.js:25:10699
a@https://m.media-amazon.com/images/I/91QZqFTVjBL.js:25:232731
6655@https://m.media-amazon.com/images/I/91QZqFTVjBL.js:2:240354
a@https://m.media-amazon.com/images/I/91QZqFTVjBL.js:25:232731
8872@https://m.media-amazon.com/images/I/91QZqFTVjBL.js:2:156897
a@https://m.media-amazon.com/images/I/91QZqFTVjBL.js:25:232731
6431@https://m.media-amazon.com/images/I/91QZqFTVjBL.js:2:206958
a@https://m.media-amazon.com/images/I/91QZqFTVjBL.js:25:232731
640@https://m.media-amazon.com/images/I/91QZqFTVjBL.js:2:136189
a@https://m.media-amazon.com/images/I/91QZqFTVjBL.js:25:232731
2872@https://m.media-amazon.com/images/I/91QZqFTVjBL.js:2:137162
a@https://m.media-amazon.com/images/I/91QZqFTVjBL.js:25:232731
5692@https://m.media-amazon.com/images/I/91QZqFTVjBL.js:2:626
a@https://m.media-amazon.com/images/I/91QZqFTVjBL.js:25:232731
@https://m.media-amazon.com/images/I/91QZqFTVjBL.js:25:236075
@https://m.media-amazon.com/images/I/91QZqFTVjBL.js:25:237476
@https://m.media-amazon.com/images/I/91QZqFTVjBL.js:25:237490

JavaScript warning: https://www.amazon.com/RASTAR-Ferrari-Remote-Control-Italia/dp/B06ZZLKDL9/ref=sr_1_2?dib=eyJ2IjoiMSJ9.E4SH9I-unzFj-sbLgAbmR5DovcodEK0pQxitGRIR3aAN7oU54l07a5hLR1QD18nr6W4Qj1myBTNrhxckgvxDb7ihtq1oGOSeuTahKfWoVKWEi-m_--KH-yquFKaX9-W2BkBy3XnQ13w8b5Ub7O7ZvuuIBstpZa3I9f4U9q8toHVg5X7RjLWHlf9rub9pr-JLery1TOBYqIpdlg6B2IUb_uvfUVouWBY4lmS_nh20aUPToMbOihvInV6jxaU_nsWNlC36k8hbT00Xun2QVaxuLAcM11V9FQosK8K1yNE6lTc.dLo7LDWAQL0DqvFrH2o52GWfZOlUfF7ZNXSiLuctAV4&dib_tag=se&keywords=Ferrari+458&qid=1708941691&sr=8-2, line 11836: WEBGL_debug_renderer_info is deprecated in Firefox and will be removed. Please use RENDERER.
1708941691560	Marionette	INFO	Stopped listening on port 54379
JavaScript warning: https://www.amazon.com/RASTAR-Ferrari-Remote-Control-Italia/dp/B06ZZLKDL9/ref=sr_1_2?dib=eyJ2IjoiMSJ9.E4SH9I-unzFj-sbLgAbmR5DovcodEK0pQxitGRIR3aAN7oU54l07a5hLR1QD18nr6W4Qj1myBTNrhxckgvxDb7ihtq1oGOSeuTahKfWoVKWEi-m_--KH-yquFKaX9-W2BkBy3XnQ13w8b5Ub7O7ZvuuIBstpZa3I9f4U9q8toHVg5X7RjLWHlf9rub9pr-JLery1TOBYqIpdlg6B2IUb_uvfUVouWBY4lmS_nh20aUPToMbOihvInV6jxaU_nsWNlC36k8hbT00Xun2QVaxuLAcM11V9FQosK8K1yNE6lTc.dLo7LDWAQL0DqvFrH2o52GWfZOlUfF7ZNXSiLuctAV4&dib_tag=se&keywords=Ferrari+458&qid=1708941691&sr=8-2, line 729: Script terminated by timeout at:
A@https://www.amazon.com/RASTAR-Ferrari-Remote-Control-Italia/dp/B06ZZLKDL9/ref=sr_1_2?dib=eyJ2IjoiMSJ9.E4SH9I-unzFj-sbLgAbmR5DovcodEK0pQxitGRIR3aAN7oU54l07a5hLR1QD18nr6W4Qj1myBTNrhxckgvxDb7ihtq1oGOSeuTahKfWoVKWEi-m_--KH-yquFKaX9-W2BkBy3XnQ13w8b5Ub7O7ZvuuIBstpZa3I9f4U9q8toHVg5X7RjLWHlf9rub9pr-JLery1TOBYqIpdlg6B2IUb_uvfUVouWBY4lmS_nh20aUPToMbOihvInV6jxaU_nsWNlC36k8hbT00Xun2QVaxuLAcM11V9FQosK8K1yNE6lTc.dLo7LDWAQL0DqvFrH2o52GWfZOlUfF7ZNXSiLuctAV4&dib_tag=se&keywords=Ferrari+458&qid=1708941691&sr=8-2:729:6333
S@https://www.amazon.com/RASTAR-Ferrari-Remote-Control-Italia/dp/B06ZZLKDL9/ref=sr_1_2?dib=eyJ2IjoiMSJ9.E4SH9I-unzFj-sbLgAbmR5DovcodEK0pQxitGRIR3aAN7oU54l07a5hLR1QD18nr6W4Qj1myBTNrhxckgvxDb7ihtq1oGOSeuTahKfWoVKWEi-m_--KH-yquFKaX9-W2BkBy3XnQ13w8b5Ub7O7ZvuuIBstpZa3I9f4U9q8toHVg5X7RjLWHlf9rub9pr-JLery1TOBYqIpdlg6B2IUb_uvfUVouWBY4lmS_nh20aUPToMbOihvInV6jxaU_nsWNlC36k8hbT00Xun2QVaxuLAcM11V9FQosK8K1yNE6lTc.dLo7LDWAQL0DqvFrH2o52GWfZOlUfF7ZNXSiLuctAV4&dib_tag=se&keywords=Ferrari+458&qid=1708941691&sr=8-2:729:6487
N/<@https://www.amazon.com/RASTAR-Ferrari-Remote-Control-Italia/dp/B06ZZLKDL9/ref=sr_1_2?dib=eyJ2IjoiMSJ9.E4SH9I-unzFj-sbLgAbmR5DovcodEK0pQxitGRIR3aAN7oU54l07a5hLR1QD18nr6W4Qj1myBTNrhxckgvxDb7ihtq1oGOSeuTahKfWoVKWEi-m_--KH-yquFKaX9-W2BkBy3XnQ13w8b5Ub7O7ZvuuIBstpZa3I9f4U9q8toHVg5X7RjLWHlf9rub9pr-JLery1TOBYqIpdlg6B2IUb_uvfUVouWBY4lmS_nh20aUPToMbOihvInV6jxaU_nsWNlC36k8hbT00Xun2QVaxuLAcM11V9FQosK8K1yNE6lTc.dLo7LDWAQL0DqvFrH2o52GWfZOlUfF7ZNXSiLuctAV4&dib_tag=se&keywords=Ferrari+458&qid=1708941691&sr=8-2:729:6451
A@https://www.amazon.com/RASTAR-Ferrari-Remote-Control-Italia/dp/B06ZZLKDL9/ref=sr_1_2?dib=eyJ2IjoiMSJ9.E4SH9I-unzFj-sbLgAbmR5DovcodEK0pQxitGRIR3aAN7oU54l07a5hLR1QD18nr6W4Qj1myBTNrhxckgvxDb7ihtq1oGOSeuTahKfWoVKWEi-m_--KH-yquFKaX9-W2BkBy3XnQ13w8b5Ub7O7ZvuuIBstpZa3I9f4U9q8toHVg5X7RjLWHlf9rub9pr-JLery1TOBYqIpdlg6B2IUb_uvfUVouWBY4lmS_nh20aUPToMbOihvInV6jxaU_nsWNlC36k8hbT00Xun2QVaxuLAcM11V9FQosK8K1yNE6lTc.dLo7LDWAQL0DqvFrH2o52GWfZOlUfF7ZNXSiLuctAV4&dib_tag=se&keywords=Ferrari+458&qid=1708941691&sr=8-2:729:6333
N@https://www.amazon.com/RASTAR-Ferrari-Remote-Control-Italia/dp/B06ZZLKDL9/ref=sr_1_2?dib=eyJ2IjoiMSJ9.E4SH9I-unzFj-sbLgAbmR5DovcodEK0pQxitGRIR3aAN7oU54l07a5hLR1QD18nr6W4Qj1myBTNrhxckgvxDb7ihtq1oGOSeuTahKfWoVKWEi-m_--KH-yquFKaX9-W2BkBy3XnQ13w8b5Ub7O7ZvuuIBstpZa3I9f4U9q8toHVg5X7RjLWHlf9rub9pr-JLery1TOBYqIpdlg6B2IUb_uvfUVouWBY4lmS_nh20aUPToMbOihvInV6jxaU_nsWNlC36k8hbT00Xun2QVaxuLAcM11V9FQosK8K1yNE6lTc.dLo7LDWAQL0DqvFrH2o52GWfZOlUfF7ZNXSiLuctAV4&dib_tag=se&keywords=Ferrari+458&qid=1708941691&sr=8-2:729:6364
T/this.setEntity@https://www.amazon.com/RASTAR-Ferrari-Remote-Control-Italia/dp/B06ZZLKDL9/ref=sr_1_2?dib=eyJ2IjoiMSJ9.E4SH9I-unzFj-sbLgAbmR5DovcodEK0pQxitGRIR3aAN7oU54l07a5hLR1QD18nr6W4Qj1myBTNrhxckgvxDb7ihtq1oGOSeuTahKfWoVKWEi-m_--KH-yquFKaX9-W2BkBy3XnQ13w8b5Ub7O7ZvuuIBstpZa3I9f4U9q8toHVg5X7RjLWHlf9rub9pr-JLery1TOBYqIpdlg6B2IUb_uvfUVouWBY4lmS_nh20aUPToMbOihvInV6jxaU_nsWNlC36k8hbT00Xun2QVaxuLAcM11V9FQosK8K1yNE6lTc.dLo7LDWAQL0DqvFrH2o52GWfZOlUfF7ZNXSiLuctAV4&dib_tag=se&keywords=Ferrari+458&qid=1708941691&sr=8-2:729:7460
I@https://www.amazon.com/RASTAR-Ferrari-Remote-Control-Italia/dp/B06ZZLKDL9/ref=sr_1_2?dib=eyJ2IjoiMSJ9.E4SH9I-unzFj-sbLgAbmR5DovcodEK0pQxitGRIR3aAN7oU54l07a5hLR1QD18nr6W4Qj1myBTNrhxckgvxDb7ihtq1oGOSeuTahKfWoVKWEi-m_--KH-yquFKaX9-W2BkBy3XnQ13w8b5Ub7O7ZvuuIBstpZa3I9f4U9q8toHVg5X7RjLWHlf9rub9pr-JLery1TOBYqIpdlg6B2IUb_uvfUVouWBY4lmS_nh20aUPToMbOihvInV6jxaU_nsWNlC36k8hbT00Xun2QVaxuLAcM11V9FQosK8K1yNE6lTc.dLo7LDWAQL0DqvFrH2o52GWfZOlUfF7ZNXSiLuctAV4&dib_tag=se&keywords=Ferrari+458&qid=1708941691&sr=8-2:729:1020
@https://www.amazon.com/RASTAR-Ferrari-Remote-Control-Italia/dp/B06ZZLKDL9/ref=sr_1_2?dib=eyJ2IjoiMSJ9.E4SH9I-unzFj-sbLgAbmR5DovcodEK0pQxitGRIR3aAN7oU54l07a5hLR1QD18nr6W4Qj1myBTNrhxckgvxDb7ihtq1oGOSeuTahKfWoVKWEi-m_--KH-yquFKaX9-W2BkBy3XnQ13w8b5Ub7O7ZvuuIBstpZa3I9f4U9q8toHVg5X7RjLWHlf9rub9pr-JLery1TOBYqIpdlg6B2IUb_uvfUVouWBY4lmS_nh20aUPToMbOihvInV6jxaU_nsWNlC36k8hbT00Xun2QVaxuLAcM11V9FQosK8K1yNE6lTc.dLo7LDWAQL0DqvFrH2o52GWfZOlUfF7ZNXSiLuctAV4&dib_tag=se&keywords=Ferrari+458&qid=1708941691&sr=8-2:729:1813
i/<@https://www.amazon.com/RASTAR-Ferrari-Remote-Control-Italia/dp/B06ZZLKDL9/ref=sr_1_2?dib=eyJ2IjoiMSJ9.E4SH9I-unzFj-sbLgAbmR5DovcodEK0pQxitGRIR3aAN7oU54l07a5hLR1QD18nr6W4Qj1myBTNrhxckgvxDb7ihtq1oGOSeuTahKfWoVKWEi-m_--KH-yquFKaX9-W2BkBy3XnQ13w8b5Ub7O7ZvuuIBstpZa3I9f4U9q8toHVg5X7RjLWHlf9rub9pr-JLery1TOBYqIpdlg6B2IUb_uvfUVouWBY4lmS_nh20aUPToMbOihvInV6jxaU_nsWNlC36k8hbT00Xun2QVaxuLAcM11V9FQosK8K1yNE6lTc.dLo7LDWAQL0DqvFrH2o52GWfZOlUfF7ZNXSiLuctAV4&dib_tag=se&keywords=Ferrari+458&qid=1708941691&sr=8-2:710:136
j@https://www.amazon.com/RASTAR-Ferrari-Remote-Control-Italia/dp/B06ZZLKDL9/ref=sr_1_2?dib=eyJ2IjoiMSJ9.E4SH9I-unzFj-sbLgAbmR5DovcodEK0pQxitGRIR3aAN7oU54l07a5hLR1QD18nr6W4Qj1myBTNrhxckgvxDb7ihtq1oGOSeuTahKfWoVKWEi-m_--KH-yquFKaX9-W2BkBy3XnQ13w8b5Ub7O7ZvuuIBstpZa3I9f4U9q8toHVg5X7RjLWHlf9rub9pr-JLery1TOBYqIpdlg6B2IUb_uvfUVouWBY4lmS_nh20aUPToMbOihvInV6jxaU_nsWNlC36k8hbT00Xun2QVaxuLAcM11V9FQosK8K1yNE6lTc.dLo7LDWAQL0DqvFrH2o52GWfZOlUfF7ZNXSiLuctAV4&dib_tag=se&keywords=Ferrari+458&qid=1708941691&sr=8-2:11812:12712
H@https://www.amazon.com/RASTAR-Ferrari-Remote-Control-Italia/dp/B06ZZLKDL9/ref=sr_1_2?dib=eyJ2IjoiMSJ9.E4SH9I-unzFj-sbLgAbmR5DovcodEK0pQxitGRIR3aAN7oU54l07a5hLR1QD18nr6W4Qj1myBTNrhxckgvxDb7ihtq1oGOSeuTahKfWoVKWEi-m_--KH-yquFKaX9-W2BkBy3XnQ13w8b5Ub7O7ZvuuIBstpZa3I9f4U9q8toHVg5X7RjLWHlf9rub9pr-JLery1TOBYqIpdlg6B2IUb_uvfUVouWBY4lmS_nh20aUPToMbOihvInV6jxaU_nsWNlC36k8hbT00Xun2QVaxuLAcM11V9FQosK8K1yNE6lTc.dLo7LDWAQL0DqvFrH2o52GWfZOlUfF7ZNXSiLuctAV4&dib_tag=se&keywords=Ferrari+458&qid=1708941691&sr=8-2:11812:13687
Y@https://www.amazon.com/RASTAR-Ferrari-Remote-Control-Italia/dp/B06ZZLKDL9/ref=sr_1_2?dib=eyJ2IjoiMSJ9.E4SH9I-unzFj-sbLgAbmR5DovcodEK0pQxitGRIR3aAN7oU54l07a5hLR1QD18nr6W4Qj1myBTNrhxckgvxDb7ihtq1oGOSeuTahKfWoVKWEi-m_--KH-yquFKaX9-W2BkBy3XnQ13w8b5Ub7O7ZvuuIBstpZa3I9f4U9q8toHVg5X7RjLWHlf9rub9pr-JLery1TOBYqIpdlg6B2IUb_uvfUVouWBY4lmS_nh20aUPToMbOihvInV6jxaU_nsWNlC36k8hbT00Xun2QVaxuLAcM11V9FQosK8K1yNE6lTc.dLo7LDWAQL0DqvFrH2o52GWfZOlUfF7ZNXSiLuctAV4&dib_tag=se&keywords=Ferrari+458&qid=1708941691&sr=8-2:11812:13542
w[3]@https://www.amazon.com/RASTAR-Ferrari-Remote-Control-Italia/dp/B06ZZLKDL9/ref=sr_1_2?dib=eyJ2IjoiMSJ9.E4SH9I-unzFj-sbLgAbmR5DovcodEK0pQxitGRIR3aAN7oU54l07a5hLR1QD18nr6W4Qj1myBTNrhxckgvxDb7ihtq1oGOSeuTahKfWoVKWEi-m_--KH-yquFKaX9-W2BkBy3XnQ13w8b5Ub7O7ZvuuIBstpZa3I9f4U9q8toHVg5X7RjLWHlf9rub9pr-JLery1TOBYqIpdlg6B2IUb_uvfUVouWBY4lmS_nh20aUPToMbOihvInV6jxaU_nsWNlC36k8hbT00Xun2QVaxuLAcM11V9FQosK8K1yNE6lTc.dLo7LDWAQL0DqvFrH2o52GWfZOlUfF7ZNXSiLuctAV4&dib_tag=se&keywords=Ferrari+458&qid=1708941691&sr=8-2:11812:15121
q@https://www.amazon.com/RASTAR-Ferrari-Remote-Control-Italia/dp/B06ZZLKDL9/ref=sr_1_2?dib=eyJ2IjoiMSJ9.E4SH9I-unzFj-sbLgAbmR5DovcodEK0pQxitGRIR3aAN7oU54l07a5hLR1QD18nr6W4Qj1myBTNrhxckgvxDb7ihtq1oGOSeuTahKfWoVKWEi-m_--KH-yquFKaX9-W2BkBy3XnQ13w8b5Ub7O7ZvuuIBstpZa3I9f4U9q8toHVg5X7RjLWHlf9rub9pr-JLery1TOBYqIpdlg6B2IUb_uvfUVouWBY4lmS_nh20aUPToMbOihvInV6jxaU_nsWNlC36k8hbT00Xun2QVaxuLAcM11V9FQosK8K1yNE6lTc.dLo7LDWAQL0DqvFrH2o52GWfZOlUfF7ZNXSiLuctAV4&dib_tag=se&keywords=Ferrari+458&qid=1708941691&sr=8-2:11812:13317
D/<@https://www.amazon.com/RASTAR-Ferrari-Remote-Control-Italia/dp/B06ZZLKDL9/ref=sr_1_2?dib=eyJ2IjoiMSJ9.E4SH9I-unzFj-sbLgAbmR5DovcodEK0pQxitGRIR3aAN7oU54l07a5hLR1QD18nr6W4Qj1myBTNrhxckgvxDb7ihtq1oGOSeuTahKfWoVKWEi-m_--KH-yquFKaX9-W2BkBy3XnQ13w8b5Ub7O7ZvuuIBstpZa3I9f4U9q8toHVg5X7RjLWHlf9rub9pr-JLery1TOBYqIpdlg6B2IUb_uvfUVouWBY4lmS_nh20aUPToMbOihvInV6jxaU_nsWNlC36k8hbT00Xun2QVaxuLAcM11V9FQosK8K1yNE6lTc.dLo7LDWAQL0DqvFrH2o52GWfZOlUfF7ZNXSiLuctAV4&dib_tag=se&keywords=Ferrari+458&qid=1708941691&sr=8-2:729:686

JavaScript warning: https://m.media-amazon.com/images/I/91QZqFTVjBL.js, line 2: Script terminated by timeout at:
4059/t.usePositionTracking/</t<@https://m.media-amazon.com/images/I/91QZqFTVjBL.js:2:200575

Dynamically enable window occlusion 1
