1708940744975	geckodriver	INFO	Listening on 127.0.0.1:53495
1708940748010	mozrunner::runner	INFO	Running command: "C:\\Program Files\\Mozilla Firefox\\firefox.exe" "--marionette" "--remote-debugging-port" "53496" "--remote-allow-hosts" "localhost" "-no-remote" "-profile" "C:\\Users\\SOUNDH~1.MK\\AppData\\Local\\Temp\\rust_mozprofile9077sW"
console.warn: services.settings: Ignoring preference override of remote settings server
console.warn: services.settings: Allow by setting MOZ_REMOTE_SETTINGS_DEVTOOLS=1 in the environment
1708940748384	Marionette	INFO	Marionette enabled
Dynamically enable window occlusion 0
1708940748477	Marionette	INFO	Listening on port 53504
WebDriver BiDi listening on ws://127.0.0.1:53496
Read port: 53504
1708940748681	RemoteAgent	WARN	TLS certificate errors will be ignored for this session
DevTools listening on ws://127.0.0.1:53496/devtools/browser/f04e91b5-a6e0-4c9a-a6fa-167efe25e0b7
JavaScript warning: https://www.amazon.com/, line 1952: WEBGL_debug_renderer_info is deprecated in Firefox and will be removed. Please use RENDERER.
console.warn: LoginRecipes: "Falling back to a synchronous message for: https://www.amazon.com."
JavaScript error: , line 0: uncaught exception: 
JavaScript error: , line 0: uncaught exception: 
JavaScript error: , line 0: uncaught exception: 
JavaScript error: , line 0: uncaught exception: 
JavaScript error: , line 0: uncaught exception: 
JavaScript error: , line 0: uncaught exception: 
JavaScript error: , line 0: uncaught exception: 
JavaScript error: , line 0: uncaught exception: 
JavaScript error: , line 0: uncaught exception: 
JavaScript error: , line 0: uncaught exception: 
JavaScript error: , line 0: uncaught exception: 
JavaScript error: , line 0: uncaught exception: 
JavaScript error: , line 0: uncaught exception: 
JavaScript warning: https://www.amazon.com/s?k=Ferrari+458&ref=nb_sb_noss, line 5848: WEBGL_debug_renderer_info is deprecated in Firefox and will be removed. Please use RENDERER.
JavaScript error: , line 0: uncaught exception: 
JavaScript warning: https://www.amazon.com/RASTAR-Ferrari-Remote-Control-Italia/dp/B06ZZLKDL9/ref=sr_1_2?dib=eyJ2IjoiMSJ9.E4SH9I-unzFj-sbLgAbmR5DovcodEK0pQxitGRIR3aAN7oU54l07a5hLR1QD18nr6W4Qj1myBTNrhxckgvxDb7ihtq1oGOSeuTahKfWoVKWEi-m_--KH-yquFKaX9-W2BkBy3XnQ13w8b5Ub7O7ZvuuIBstpZa3I9f4U9q8toHVg5X7RjLWHlf9rub9pr-JLery1TOBYqIpdlg6B2IUb_uvfUVouWBY4lmS_nh20aUPToMbOihvInV6jxaU_nsWNlC36k8hbT00Xun2QVaxuLAcM11V9FQosK8K1yNE6lTc.VgZ-j8kN2ldIoOKzdnL0Dv8wiRXhSa7A27X2uxwS34I&dib_tag=se&keywords=Ferrari+458&qid=1708940757&sr=8-2, line 11795: WEBGL_debug_renderer_info is deprecated in Firefox and will be removed. Please use RENDERER.
1708940756907	Marionette	INFO	Stopped listening on port 53504
JavaScript warning: https://m.media-amazon.com/images/I/91QZqFTVjBL.js, line 2: Script terminated by timeout at:
d@https://m.media-amazon.com/images/I/91QZqFTVjBL.js:2:200471
4059/t.usePositionTracking/</t<@https://m.media-amazon.com/images/I/91QZqFTVjBL.js:2:200575

Dynamically enable window occlusion 1
