1708944608662	geckodriver	INFO	Listening on 127.0.0.1:56212
1708944611694	mozrunner::runner	INFO	Running command: "C:\\Program Files\\Mozilla Firefox\\firefox.exe" "--marionette" "--remote-debugging-port" "56213" "--remote-allow-hosts" "localhost" "-no-remote" "-profile" "C:\\Users\\SOUNDH~1.MK\\AppData\\Local\\Temp\\rust_mozprofileAua9Je"
console.warn: services.settings: Ignoring preference override of remote settings server
console.warn: services.settings: Allow by setting MOZ_REMOTE_SETTINGS_DEVTOOLS=1 in the environment
1708944611963	Marionette	INFO	Marionette enabled
Dynamically enable window occlusion 0
1708944612027	Marionette	INFO	Listening on port 56221
WebDriver BiDi listening on ws://127.0.0.1:56213
Read port: 56221
1708944612178	RemoteAgent	WARN	TLS certificate errors will be ignored for this session
DevTools listening on ws://127.0.0.1:56213/devtools/browser/3720e682-e6fb-498e-9bd0-d3d5d65fe827
JavaScript warning: https://www.amazon.com/, line 2006: WEBGL_debug_renderer_info is deprecated in Firefox and will be removed. Please use RENDERER.
1708944615000	Marionette	INFO	Stopped listening on port 56221
JavaScript warning: https://m.media-amazon.com/images/I/61ZS63EQSsL.js?AUIClients/AmazonUIjQuery, line 48: Script terminated by timeout at:
access@https://m.media-amazon.com/images/I/61ZS63EQSsL.js?AUIClients/AmazonUIjQuery:48:188
attr@https://m.media-amazon.com/images/I/61ZS63EQSsL.js?AUIClients/AmazonUIjQuery:68:13
m<@https://m.media-amazon.com/images/I/11Y+5x+kkTL._RC|51ExhNVPbdL.js,11yKORv-GTL.js,11GgN1+C7hL.js,01+z+uIeJ-L.js,01VRMV3FBdL.js,21BJeD9yjcL.js,01cS+tLhj4L.js,11rRjDLdAVL.js,51UOrPXYGsL.js,11YA5PIFcPL.js,11UNP9ncXuL.js,1174TO1N7GL.js,11EWRk6r74L.js,21paGe30x-L.js,01490L6yBnL.js,51nBtdyQGcL.js,01JYHc2oIlL.js,31nfKXylf6L.js,01ezj5Rkz1L.js,11bEz2VIYrL.js,31o2NGTXThL.js,01rpauTep4L.js,01RMmNcPMuL.js_.js?AUIClients/AmazonUI&WOBvLLbH#786834-T1:483:40
b@https://m.media-amazon.com/images/I/11Y+5x+kkTL._RC|51ExhNVPbdL.js,11yKORv-GTL.js,11GgN1+C7hL.js,01+z+uIeJ-L.js,01VRMV3FBdL.js,21BJeD9yjcL.js,01cS+tLhj4L.js,11rRjDLdAVL.js,51UOrPXYGsL.js,11YA5PIFcPL.js,11UNP9ncXuL.js,1174TO1N7GL.js,11EWRk6r74L.js,21paGe30x-L.js,01490L6yBnL.js,51nBtdyQGcL.js,01JYHc2oIlL.js,31nfKXylf6L.js,01ezj5Rkz1L.js,11bEz2VIYrL.js,31o2NGTXThL.js,01rpauTep4L.js,01RMmNcPMuL.js_.js?AUIClients/AmazonUI&WOBvLLbH#786834-T1:482:403
guardTime/<@https://www.amazon.com/:116:69
d</delay/f<@https://m.media-amazon.com/images/I/11Y+5x+kkTL._RC|51ExhNVPbdL.js,11yKORv-GTL.js,11GgN1+C7hL.js,01+z+uIeJ-L.js,01VRMV3FBdL.js,21BJeD9yjcL.js,01cS+tLhj4L.js,11rRjDLdAVL.js,51UOrPXYGsL.js,11YA5PIFcPL.js,11UNP9ncXuL.js,1174TO1N7GL.js,11EWRk6r74L.js,21paGe30x-L.js,01490L6yBnL.js,51nBtdyQGcL.js,01JYHc2oIlL.js,31nfKXylf6L.js,01ezj5Rkz1L.js,11bEz2VIYrL.js,31o2NGTXThL.js,01rpauTep4L.js,01RMmNcPMuL.js_.js?AUIClients/AmazonUI&WOBvLLbH#786834-T1:16:105
M/</<@https://www.amazon.com/:112:111
d</delay/<@https://m.media-amazon.com/images/I/11Y+5x+kkTL._RC|51ExhNVPbdL.js,11yKORv-GTL.js,11GgN1+C7hL.js,01+z+uIeJ-L.js,01VRMV3FBdL.js,21BJeD9yjcL.js,01cS+tLhj4L.js,11rRjDLdAVL.js,51UOrPXYGsL.js,11YA5PIFcPL.js,11UNP9ncXuL.js,1174TO1N7GL.js,11EWRk6r74L.js,21paGe30x-L.js,01490L6yBnL.js,51nBtdyQGcL.js,01JYHc2oIlL.js,31nfKXylf6L.js,01ezj5Rkz1L.js,11bEz2VIYrL.js,31o2NGTXThL.js,01rpauTep4L.js,01RMmNcPMuL.js_.js?AUIClients/AmazonUI&WOBvLLbH#786834-T1:16:209

Dynamically enable window occlusion 1
