1708938181853	geckodriver	INFO	Listening on 127.0.0.1:50912
1708938184891	mozrunner::runner	INFO	Running command: "C:\\Program Files\\Mozilla Firefox\\firefox.exe" "--marionette" "--remote-debugging-port" "50913" "--remote-allow-hosts" "localhost" "-no-remote" "-profile" "C:\\Users\\SOUNDH~1.MK\\AppData\\Local\\Temp\\rust_mozprofileLj0aaj"
console.warn: services.settings: Ignoring preference override of remote settings server
console.warn: services.settings: Allow by setting MOZ_REMOTE_SETTINGS_DEVTOOLS=1 in the environment
1708938185341	Marionette	INFO	Marionette enabled
Dynamically enable window occlusion 0
1708938185447	Marionette	INFO	Listening on port 50921
WebDriver BiDi listening on ws://127.0.0.1:50913
Read port: 50921
1708938185695	RemoteAgent	WARN	TLS certificate errors will be ignored for this session
DevTools listening on ws://127.0.0.1:50913/devtools/browser/fbcc6fb7-6374-4744-8750-32ff0ba8141e
JavaScript warning: https://www.amazon.com/, line 1946: WEBGL_debug_renderer_info is deprecated in Firefox and will be removed. Please use RENDERER.
console.warn: LoginRecipes: "Falling back to a synchronous message for: https://www.amazon.com."
JavaScript error: , line 0: uncaught exception: 
JavaScript error: , line 0: uncaught exception: 
JavaScript error: , line 0: uncaught exception: 
JavaScript error: , line 0: uncaught exception: 
JavaScript error: , line 0: uncaught exception: 
JavaScript error: , line 0: uncaught exception: 
JavaScript error: , line 0: uncaught exception: 
JavaScript error: , line 0: uncaught exception: 
JavaScript error: , line 0: uncaught exception: 
JavaScript error: , line 0: uncaught exception: 
JavaScript error: , line 0: uncaught exception: 
JavaScript error: , line 0: uncaught exception: 
JavaScript error: , line 0: uncaught exception: 
JavaScript warning: https://www.amazon.com/s?k=Ferrari+458&ref=nb_sb_noss, line 5857: WEBGL_debug_renderer_info is deprecated in Firefox and will be removed. Please use RENDERER.
JavaScript error: , line 0: uncaught exception: 
JavaScript warning: https://www.amazon.com/RASTAR-Ferrari-Remote-Control-Italia/dp/B06ZZLKDL9/ref=sr_1_2?dib=eyJ2IjoiMSJ9.E4SH9I-unzFj-sbLgAbmR5DovcodEK0pQxitGRIR3aB3Gda4DhYKxz-f_O_zWOlkcGDUI5AciJAhZ123zACmIfDdYKey8Y7gJUCn7CcJ6hr2_75g1gwLGaYMzj57BX8a9911dPSnoyjAMylcKyRUM-uIBstpZa3I9f4U9q8toHUnlpFeRnkPHFFX2IvosUSicEyt0Lulz-a1s4IgdgsTDfePhfyst2GiISQ86qG4CNDiV6mhccjGGZpeLhLZbwp8odGXKfxj6-Pjex7UKx06MQcM11V9FQosK8K1yNE6lTc.BEEOzW9u6DTHxyfH7ub_H8Li8B65oe7gKOx6ynyJaHs&dib_tag=se&keywords=Ferrari+458&qid=1708938194&sr=8-2, line 12528: WEBGL_debug_renderer_info is deprecated in Firefox and will be removed. Please use RENDERER.
1708938199902	Marionette	INFO	Stopped listening on port 50921
JavaScript warning: https://images-na.ssl-images-amazon.com/images/I/41W974vG8QL._RC|71pP8j2iWCL.js,01QvReFeJyL.js,01phmzCOwJL.js,01eOvPdxG7L.js,71u5qjBpZXL.js,41jBieyCvYL.js,117dq5vibGL.js,01+pnQJuQ0L.js,21cN4KWOfCL.js,41nqF5HJopL.js,51dnSE-NwrL.js,31Pa7Gj4ZBL.js,11lEMI5MhIL.js,313ANWt5xVL.js,01LEzWzrPZL.js,01AqeWA7PKL.js,71-pKfDl0GL.js,41suW241oeL.js_.js?AUIClients/NavDesktopUberAsset&VtiuCky2#desktop.language-en.us.810771-T1.878681-T1.803398-T1.310484-T1, line 121: Script terminated by timeout at:
onEnter/A<@https://images-na.ssl-images-amazon.com/images/I/41W974vG8QL._RC|71pP8j2iWCL.js,01QvReFeJyL.js,01phmzCOwJL.js,01eOvPdxG7L.js,71u5qjBpZXL.js,41jBieyCvYL.js,117dq5vibGL.js,01+pnQJuQ0L.js,21cN4KWOfCL.js,41nqF5HJopL.js,51dnSE-NwrL.js,31Pa7Gj4ZBL.js,11lEMI5MhIL.js,313ANWt5xVL.js,01LEzWzrPZL.js,01AqeWA7PKL.js,71-pKfDl0GL.js,41suW241oeL.js_.js?AUIClients/NavDesktopUberAsset&VtiuCky2#desktop.language-en.us.810771-T1.878681-T1.803398-T1.310484-T1:121:173

JavaScript warning: https://m.media-amazon.com/images/I/91QZqFTVjBL.js, line 2: Script terminated by timeout at:
4059/t.usePositionTracking/</t<@https://m.media-amazon.com/images/I/91QZqFTVjBL.js:2:200575

Dynamically enable window occlusion 1
