1708897248709	geckodriver	INFO	Listening on 127.0.0.1:50760
1708897251764	mozrunner::runner	INFO	Running command: "C:\\Program Files\\Mozilla Firefox\\firefox.exe" "--marionette" "--remote-debugging-port" "50761" "--remote-allow-hosts" "localhost" "-no-remote" "-profile" "C:\\Users\\SOUNDH~1.MK\\AppData\\Local\\Temp\\rust_mozprofileisy5yy"
console.warn: services.settings: Ignoring preference override of remote settings server
console.warn: services.settings: Allow by setting MOZ_REMOTE_SETTINGS_DEVTOOLS=1 in the environment
1708897252152	Marionette	INFO	Marionette enabled
Dynamically enable window occlusion 0
1708897252247	Marionette	INFO	Listening on port 50769
WebDriver BiDi listening on ws://127.0.0.1:50761
Read port: 50769
1708897252525	RemoteAgent	WARN	TLS certificate errors will be ignored for this session
DevTools listening on ws://127.0.0.1:50761/devtools/browser/c0b3edaf-989d-43b6-811b-94497dcdb9be
JavaScript warning: https://www.amazon.com/, line 1987: WEBGL_debug_renderer_info is deprecated in Firefox and will be removed. Please use RENDERER.
Marionette threw an error: TypeError: browsingContext.currentWindowGlobal is null
getMarionetteCommandsActorProxy/get/<@chrome://remote/content/marionette/actors/MarionetteCommandsParent.sys.mjs:360:17

console.error: "Marionette threw an error: TypeError: browsingContext.currentWindowGlobal is null\ngetMarionetteCommandsActorProxy/get/<@chrome://remote/content/marionette/actors/MarionetteCommandsParent.sys.mjs:360:17\n"
A content process crashed and MOZ_CRASHREPORTER_SHUTDOWN is set, shutting down
1708897258293	Marionette	INFO	Stopped listening on port 50769
Dynamically enable window occlusion 1
Marionette threw an error: TypeError: win is null
capture.canvas@chrome://remote/content/shared/Capture.sys.mjs:77:17
takeScreenshot@chrome://remote/content/marionette/actors/MarionetteCommandsParent.sys.mjs:295:37

console.error: "Marionette threw an error: TypeError: win is null\ncapture.canvas@chrome://remote/content/shared/Capture.sys.mjs:77:17\ntakeScreenshot@chrome://remote/content/marionette/actors/MarionetteCommandsParent.sys.mjs:295:37\n"
