1708935128146	geckodriver	INFO	Listening on 127.0.0.1:50097
1708935131203	mozrunner::runner	INFO	Running command: "C:\\Program Files\\Mozilla Firefox\\firefox.exe" "--marionette" "--remote-debugging-port" "50098" "--remote-allow-hosts" "localhost" "-no-remote" "-profile" "C:\\Users\\SOUNDH~1.MK\\AppData\\Local\\Temp\\rust_mozprofileciYxlY"
console.warn: services.settings: Ignoring preference override of remote settings server
console.warn: services.settings: Allow by setting MOZ_REMOTE_SETTINGS_DEVTOOLS=1 in the environment
1708935131617	Marionette	INFO	Marionette enabled
Dynamically enable window occlusion 0
1708935131707	Marionette	INFO	Listening on port 50106
WebDriver BiDi listening on ws://127.0.0.1:50098
Read port: 50106
1708935131782	RemoteAgent	WARN	TLS certificate errors will be ignored for this session
DevTools listening on ws://127.0.0.1:50098/devtools/browser/2124b411-1d7a-4b63-8526-7fb95fbc8861
JavaScript warning: https://www.amazon.com/, line 1987: WEBGL_debug_renderer_info is deprecated in Firefox and will be removed. Please use RENDERER.
console.warn: LoginRecipes: "Falling back to a synchronous message for: https://www.amazon.com."
JavaScript error: , line 0: uncaught exception: 
JavaScript error: , line 0: uncaught exception: 
JavaScript error: , line 0: uncaught exception: 
JavaScript error: , line 0: uncaught exception: 
JavaScript error: , line 0: uncaught exception: 
JavaScript error: , line 0: uncaught exception: 
JavaScript error: , line 0: uncaught exception: 
JavaScript error: , line 0: uncaught exception: 
JavaScript error: , line 0: uncaught exception: 
JavaScript error: , line 0: uncaught exception: 
JavaScript error: , line 0: uncaught exception: 
JavaScript error: , line 0: uncaught exception: 
JavaScript error: , line 0: uncaught exception: 
JavaScript warning: https://www.amazon.com/s?k=Ferrari+458&ref=nb_sb_noss, line 5167: WEBGL_debug_renderer_info is deprecated in Firefox and will be removed. Please use RENDERER.
1708935137599	Marionette	INFO	Stopped listening on port 50106
JavaScript warning: https://www.amazon.com/s?k=Ferrari+458&ref=nb_sb_noss, line 5136: Script terminated by timeout at:
f@https://www.amazon.com/s?k=Ferrari+458&ref=nb_sb_noss:5136:36
w/<@https://www.amazon.com/s?k=Ferrari+458&ref=nb_sb_noss:5137:359
e@https://www.amazon.com/s?k=Ferrari+458&ref=nb_sb_noss:5136:421
w@https://www.amazon.com/s?k=Ferrari+458&ref=nb_sb_noss:5137:314
r@https://www.amazon.com/s?k=Ferrari+458&ref=nb_sb_noss:5138:374

Dynamically enable window occlusion 1
