1708939748680	geckodriver	INFO	Listening on 127.0.0.1:53199
1708939751722	mozrunner::runner	INFO	Running command: "C:\\Program Files\\Mozilla Firefox\\firefox.exe" "--marionette" "--remote-debugging-port" "53200" "--remote-allow-hosts" "localhost" "-no-remote" "-profile" "C:\\Users\\SOUNDH~1.MK\\AppData\\Local\\Temp\\rust_mozprofileykNOby"
console.warn: services.settings: Ignoring preference override of remote settings server
console.warn: services.settings: Allow by setting MOZ_REMOTE_SETTINGS_DEVTOOLS=1 in the environment
1708939752165	Marionette	INFO	Marionette enabled
Dynamically enable window occlusion 0
1708939752268	Marionette	INFO	Listening on port 53208
WebDriver BiDi listening on ws://127.0.0.1:53200
Read port: 53208
1708939752521	RemoteAgent	WARN	TLS certificate errors will be ignored for this session
DevTools listening on ws://127.0.0.1:53200/devtools/browser/fa666522-06ed-485e-a28f-5b40f72f3427
JavaScript warning: https://www.amazon.com/, line 1946: WEBGL_debug_renderer_info is deprecated in Firefox and will be removed. Please use RENDERER.
console.warn: LoginRecipes: "Falling back to a synchronous message for: https://www.amazon.com."
JavaScript error: , line 0: uncaught exception: 
JavaScript error: , line 0: uncaught exception: 
JavaScript error: , line 0: uncaught exception: 
JavaScript error: , line 0: uncaught exception: 
JavaScript error: , line 0: uncaught exception: 
JavaScript error: , line 0: uncaught exception: 
JavaScript error: , line 0: uncaught exception: 
JavaScript error: , line 0: uncaught exception: 
JavaScript error: , line 0: uncaught exception: 
JavaScript error: , line 0: uncaught exception: 
JavaScript error: , line 0: uncaught exception: 
JavaScript error: , line 0: uncaught exception: 
JavaScript error: , line 0: uncaught exception: 
JavaScript warning: https://www.amazon.com/s?k=Ferrari+458&ref=nb_sb_noss, line 5788: WEBGL_debug_renderer_info is deprecated in Firefox and will be removed. Please use RENDERER.
JavaScript error: , line 0: uncaught exception: 
JavaScript warning: https://www.amazon.com/RASTAR-Ferrari-Remote-Control-Italia/dp/B06ZZLKDL9/ref=sr_1_1?dib=eyJ2IjoiMSJ9.E4SH9I-unzFj-sbLgAbmR5DovcodEK0pQxitGRIR3aB3Gda4DhYKxz-f_O_zWOlkcGDUI5AciJAhZ123zACmIfDdYKey8Y7gJUCn7CcJ6hr2_75g1gwLGaYMzj57BX8a9911dPSnoyjAMylcKyRUM-uIBstpZa3I9f4U9q8toHUnlpFeRnkPHFFX2IvosUSicEyt0Lulz-a1s4IgdgsTDfePhfyst2GiISQ86qG4CNDiV6mhccjGGZpeLhLZbwp8odGXKfxj6-Pjex7UKx06MQcM11V9FQosK8K1yNE6lTc.HHwETtmN4PmwTueqdYOxDoKOBrP9mlC2bjNKbmFsNkg&dib_tag=se&keywords=Ferrari+458&qid=1708939761&sr=8-1, line 11786: WEBGL_debug_renderer_info is deprecated in Firefox and will be removed. Please use RENDERER.
console.warn: LoginRecipes: "Falling back to a synchronous message for: https://www.amazon.com."
1708939782210	addons.xpi	ERROR	System addon update list error SyntaxError: XMLHttpRequest.open: 'http://%(server)s/dummy-system-addons.xml' is not a valid URL.
JavaScript warning: https://www.amazon.com/cart/add-to-cart/ref=dp_start-bbf_1_glance, line 3093: WEBGL_debug_renderer_info is deprecated in Firefox and will be removed. Please use RENDERER.
1708939803579	Marionette	INFO	Stopped listening on port 53208
JavaScript warning: https://images-na.ssl-images-amazon.com/images/I/41W974vG8QL._RC|71pP8j2iWCL.js,01QvReFeJyL.js,01phmzCOwJL.js,01eOvPdxG7L.js,71u5qjBpZXL.js,41jBieyCvYL.js,117dq5vibGL.js,01+pnQJuQ0L.js,21cN4KWOfCL.js,41nqF5HJopL.js,51dnSE-NwrL.js,31Pa7Gj4ZBL.js,11lEMI5MhIL.js,313ANWt5xVL.js,01LEzWzrPZL.js,01AqeWA7PKL.js,71-pKfDl0GL.js,41suW241oeL.js_.js?AUIClients/NavDesktopUberAsset&VtiuCky2#desktop.language-en.us.810771-T1.878681-T1.803398-T1.310484-T1, line 663: Script terminated by timeout at:
f/a<@https://images-na.ssl-images-amazon.com/images/I/41W974vG8QL._RC|71pP8j2iWCL.js,01QvReFeJyL.js,01phmzCOwJL.js,01eOvPdxG7L.js,71u5qjBpZXL.js,41jBieyCvYL.js,117dq5vibGL.js,01+pnQJuQ0L.js,21cN4KWOfCL.js,41nqF5HJopL.js,51dnSE-NwrL.js,31Pa7Gj4ZBL.js,11lEMI5MhIL.js,313ANWt5xVL.js,01LEzWzrPZL.js,01AqeWA7PKL.js,71-pKfDl0GL.js,41suW241oeL.js_.js?AUIClients/NavDesktopUberAsset&VtiuCky2#desktop.language-en.us.810771-T1.878681-T1.803398-T1.310484-T1:663:217

Dynamically enable window occlusion 1
