1708941716056	geckodriver	INFO	Listening on 127.0.0.1:54576
1708941719089	mozrunner::runner	INFO	Running command: "C:\\Program Files\\Mozilla Firefox\\firefox.exe" "--marionette" "--remote-debugging-port" "54577" "--remote-allow-hosts" "localhost" "-no-remote" "-profile" "C:\\Users\\SOUNDH~1.MK\\AppData\\Local\\Temp\\rust_mozprofileKOfJSi"
console.warn: services.settings: Ignoring preference override of remote settings server
console.warn: services.settings: Allow by setting MOZ_REMOTE_SETTINGS_DEVTOOLS=1 in the environment
1708941719701	Marionette	INFO	Marionette enabled
Dynamically enable window occlusion 0
1708941719839	Marionette	INFO	Listening on port 54587
WebDriver BiDi listening on ws://127.0.0.1:54577
Read port: 54587
1708941720144	RemoteAgent	WARN	TLS certificate errors will be ignored for this session
DevTools listening on ws://127.0.0.1:54577/devtools/browser/b223b733-ceea-4b2e-b001-9a034e4f9b41
JavaScript warning: https://www.amazon.com/, line 1955: WEBGL_debug_renderer_info is deprecated in Firefox and will be removed. Please use RENDERER.
console.warn: LoginRecipes: "Falling back to a synchronous message for: https://www.amazon.com."
JavaScript error: , line 0: uncaught exception: 
JavaScript error: , line 0: uncaught exception: 
JavaScript error: , line 0: uncaught exception: 
JavaScript error: , line 0: uncaught exception: 
JavaScript error: , line 0: uncaught exception: 
JavaScript error: , line 0: uncaught exception: 
JavaScript error: , line 0: uncaught exception: 
JavaScript error: , line 0: uncaught exception: 
JavaScript error: , line 0: uncaught exception: 
JavaScript error: , line 0: uncaught exception: 
JavaScript error: , line 0: uncaught exception: 
JavaScript error: , line 0: uncaught exception: 
JavaScript error: , line 0: uncaught exception: 
JavaScript warning: https://www.amazon.com/s?k=Ferrari+458&ref=nb_sb_noss, line 5252: WEBGL_debug_renderer_info is deprecated in Firefox and will be removed. Please use RENDERER.
JavaScript error: , line 0: uncaught exception: 
JavaScript warning: https://www.amazon.com/RASTAR-Ferrari-Remote-Control-Italia/dp/B06ZZLKDL9/ref=sr_1_2?dib=eyJ2IjoiMSJ9.E4SH9I-unzFj-sbLgAbmR5DovcodEK0pQxitGRIR3aB3Gda4DhYKxz-f_O_zWOlkcGDUI5AciJAhZ123zACmIQq6WJX5eWb8okU7kXc7Vl25KFc6OybHrna8ZhsXY-L99911dPSnoyjAMylcKyRUM-uIBstpZa3I9f4U9q8toHUnlpFeRnkPHFFX2IvosUSiqVUr03m3dIVNDRq6bWDVd-vfUVouWBY4lmS_nh20aUPiV6mhccjGGZpeLhLZbwp8odGXKfxj6-Pjex7UKx06MQcM11V9FQosK8K1yNE6lTc.2MQ9nXW95ZSRY1rIshU40NcE8ej3MmD584CF06hnhik&dib_tag=se&keywords=Ferrari+458&qid=1708941729&sr=8-2, line 12539: WEBGL_debug_renderer_info is deprecated in Firefox and will be removed. Please use RENDERER.
console.warn: LoginRecipes: "Falling back to a synchronous message for: https://www.amazon.com."
JavaScript error: , line 0: uncaught exception: 
JavaScript warning: https://m.media-amazon.com/images/I/91QZqFTVjBL.js, line 25: Script terminated by timeout at:
a.g<@https://m.media-amazon.com/images/I/91QZqFTVjBL.js:25:233783
@https://m.media-amazon.com/images/I/91QZqFTVjBL.js:25:233784
@https://m.media-amazon.com/images/I/91QZqFTVjBL.js:25:237490

1708941749751	addons.xpi	ERROR	System addon update list error SyntaxError: XMLHttpRequest.open: 'http://%(server)s/dummy-system-addons.xml' is not a valid URL.
JavaScript warning: https://www.amazon.com/cart/add-to-cart/ref=dp_start-bbf_1_glance, line 3102: WEBGL_debug_renderer_info is deprecated in Firefox and will be removed. Please use RENDERER.
1708941774154	Marionette	INFO	Stopped listening on port 54587
JavaScript warning: https://www.amazon.com/cart/add-to-cart/ref=dp_start-bbf_1_glance, line 3103: Script terminated by timeout at:
g@https://www.amazon.com/cart/add-to-cart/ref=dp_start-bbf_1_glance:3103:759
U@https://www.amazon.com/cart/add-to-cart/ref=dp_start-bbf_1_glance:3103:1057

Dynamically enable window occlusion 1
