1708879488418	geckodriver	INFO	Listening on 127.0.0.1:50114
1708879491470	mozrunner::runner	INFO	Running command: "C:\\Program Files\\Mozilla Firefox\\firefox.exe" "--marionette" "--remote-debugging-port" "50115" "--remote-allow-hosts" "localhost" "-no-remote" "-profile" "C:\\Users\\SOUNDH~1.MK\\AppData\\Local\\Temp\\rust_mozprofileKGtgNz"
console.warn: services.settings: Ignoring preference override of remote settings server
console.warn: services.settings: Allow by setting MOZ_REMOTE_SETTINGS_DEVTOOLS=1 in the environment
1708879491943	Marionette	INFO	Marionette enabled
Dynamically enable window occlusion 0
1708879492041	Marionette	INFO	Listening on port 50123
WebDriver BiDi listening on ws://127.0.0.1:50115
Read port: 50123
1708879492285	RemoteAgent	WARN	TLS certificate errors will be ignored for this session
DevTools listening on ws://127.0.0.1:50115/devtools/browser/ef508c83-1377-4a3a-a8d9-e783fa8aa953
JavaScript warning: https://www.amazon.com/, line 1942: WEBGL_debug_renderer_info is deprecated in Firefox and will be removed. Please use RENDERER.
JavaScript warning: https://m.media-amazon.com/images/I/81BKPXF14nL.js?AUIClients/FWCIMAssets, line 298: WEBGL_debug_renderer_info is deprecated in Firefox and will be removed. Please use RENDERER.
1708879521980	addons.xpi	ERROR	System addon update list error SyntaxError: XMLHttpRequest.open: 'http://%(server)s/dummy-system-addons.xml' is not a valid URL.
Exiting due to channel error.
[GFX1-]: CompositorBridgeChild receives IPC close with reason=AbnormalShutdown
[GFX1-]: Composi[GFX1-]: CompositorBridgeChild receives IPC close with [GFX1-torBridgeChild receives IPC close with reason=AbnormalShutdown
[GFX1-]: CompositorBridgeChild receives IPC close with reason=AbnormalShutdown
[GFX1-]: CompositorBridgeChild receives IPC closer with reason=Abnormalea]: CompositorBridgeChild receives IPC close with reason=AbnormalShutdown
son=AbnormalShutdown
Shutdown
Exiting due to channel error.
Exiting due to channel error.
Exiting due to channel error.
Exiting due to channel error.
Exiting due to channel error.
