1708943798931	geckodriver	INFO	Listening on 127.0.0.1:55349
1708943801974	mozrunner::runner	INFO	Running command: "C:\\Program Files\\Mozilla Firefox\\firefox.exe" "--marionette" "--remote-debugging-port" "55350" "--remote-allow-hosts" "localhost" "-no-remote" "-profile" "C:\\Users\\SOUNDH~1.MK\\AppData\\Local\\Temp\\rust_mozprofileOgvKd5"
console.warn: services.settings: Ignoring preference override of remote settings server
console.warn: services.settings: Allow by setting MOZ_REMOTE_SETTINGS_DEVTOOLS=1 in the environment
1708943802243	Marionette	INFO	Marionette enabled
Dynamically enable window occlusion 0
1708943802307	Marionette	INFO	Listening on port 55358
WebDriver BiDi listening on ws://127.0.0.1:55350
Read port: 55358
1708943802458	RemoteAgent	WARN	TLS certificate errors will be ignored for this session
DevTools listening on ws://127.0.0.1:55350/devtools/browser/a728efb9-590f-4cb8-9e16-f6a1a3ac1568
JavaScript warning: https://www.amazon.com/, line 1957: WEBGL_debug_renderer_info is deprecated in Firefox and will be removed. Please use RENDERER.
console.warn: LoginRecipes: "Falling back to a synchronous message for: https://www.amazon.com."
JavaScript error: , line 0: uncaught exception: 
JavaScript error: , line 0: uncaught exception: 
JavaScript error: , line 0: uncaught exception: 
JavaScript error: , line 0: uncaught exception: 
JavaScript error: , line 0: uncaught exception: 
JavaScript error: , line 0: uncaught exception: 
JavaScript error: , line 0: uncaught exception: 
JavaScript error: , line 0: uncaught exception: 
JavaScript error: , line 0: uncaught exception: 
JavaScript error: , line 0: uncaught exception: 
JavaScript error: , line 0: uncaught exception: 
JavaScript error: , line 0: uncaught exception: 
JavaScript error: , line 0: uncaught exception: 
JavaScript warning: https://www.amazon.com/s?k=Ferrari+458&ref=nb_sb_noss, line 5407: WEBGL_debug_renderer_info is deprecated in Firefox and will be removed. Please use RENDERER.
JavaScript error: , line 0: uncaught exception: 
JavaScript warning: https://www.amazon.com/RASTAR-Ferrari-Remote-Control-Italia/dp/B06ZZLKDL9/ref=sr_1_2?dib=eyJ2IjoiMSJ9.E4SH9I-unzFj-sbLgAbmR5DovcodEK0pQxitGRIR3aB3Gda4DhYKxz-f_O_zWOlkcGDUI5AciJAhZ123zACmIfDdYKey8Y7gJUCn7CcJ6hrnUn-5YAXeHvgmlXwXByUQb3OETUhnwRQv-08uxN1DwsGlFdoWgQXt-M7G33Bi7twnlpFeRnkPHFFX2IvosUSicEyt0Lulz-a1s4IgdgsTDfePhfyst2GiISQ86qG4CNCvXniG1bViioawiR2VI4d5mK7G6yCVvTXAuVoJYWKktt10j95VcyPA6EPTTQZi4Qw.a_3QzuCOX8h9eeCvM54cD2imz8KAJQeXdGXHCnwqAyw&dib_tag=se&keywords=Ferrari+458&qid=1708943810&sr=8-2, line 11815: WEBGL_debug_renderer_info is deprecated in Firefox and will be removed. Please use RENDERER.
console.warn: LoginRecipes: "Falling back to a synchronous message for: https://www.amazon.com."
JavaScript error: , line 0: TypeError: NetworkError when attempting to fetch resource.
JavaScript error: , line 0: TypeError: NetworkError when attempting to fetch resource.
JavaScript error: , line 0: TypeError: NetworkError when attempting to fetch resource.
JavaScript warning: https://m.media-amazon.com/images/I/91QZqFTVjBL.js, line 2: Script terminated by timeout at:
4565/t.PriceText/C<@https://m.media-amazon.com/images/I/91QZqFTVjBL.js:2:33727
4565/t.PriceText@https://m.media-amazon.com/images/I/91QZqFTVjBL.js:2:34077
Mt@https://m.media-amazon.com/images/I/714nITfCSzL.js:2:49221
Rr@https://m.media-amazon.com/images/I/714nITfCSzL.js:2:58612
Cc@https://m.media-amazon.com/images/I/714nITfCSzL.js:2:129963
Il@https://m.media-amazon.com/images/I/714nITfCSzL.js:2:94369
Ol@https://m.media-amazon.com/images/I/714nITfCSzL.js:2:94193
Fl@https://m.media-amazon.com/images/I/714nITfCSzL.js:2:94049
xl@https://m.media-amazon.com/images/I/714nITfCSzL.js:2:88676
v@https://m.media-amazon.com/images/I/31OyASKbVLL.js:2:3386
ce@https://m.media-amazon.com/images/I/31OyASKbVLL.js:2:5527

1708943832281	addons.xpi	ERROR	System addon update list error SyntaxError: XMLHttpRequest.open: 'http://%(server)s/dummy-system-addons.xml' is not a valid URL.
JavaScript warning: https://www.amazon.com/cart/add-to-cart/ref=dp_start-bbf_1_glance, line 3104: WEBGL_debug_renderer_info is deprecated in Firefox and will be removed. Please use RENDERER.
console.warn: LoginRecipes: "Falling back to a synchronous message for: https://www.amazon.com."
JavaScript warning: https://www.amazon.com/ap/signin?_encoding=UTF8&openid.assoc_handle=amazon_checkout_us&openid.claimed_id=http%3A%2F%2Fspecs.openid.net%2Fauth%2F2.0%2Fidentifier_select&openid.identity=http%3A%2F%2Fspecs.openid.net%2Fauth%2F2.0%2Fidentifier_select&openid.mode=checkid_setup&openid.ns=http%3A%2F%2Fspecs.openid.net%2Fauth%2F2.0&openid.ns.pape=http%3A%2F%2Fspecs.openid.net%2Fextensions%2Fpape%2F1.0&openid.pape.max_auth_age=0&openid.return_to=https%3A%2F%2Fwww.amazon.com%2Fgp%2Fbuy%2Fsignin%2Fhandlers%2Fcontinue.html%3Fie%3DUTF8%26brandId%3D%26cartItemIds%3D%26eGCApp%3D%26hasWorkingJavascript%3D0%26isEGCOrder%3D0%26isFresh%3D%26oldCustomerId%3D0%26oldPurchaseId%3D%26preInitiateCustomerId%3D%26purchaseInProgress%3D%26ref_%3Dcart_signin_submit%26siteDesign%3D&pageId=amazon_checkout_us&showRmrMe=0&siteState=isRegularCheckout.1%7CIMBMsgs.%7CisRedirect.1&suppressSignInRadioButtons=0 line 1566 > injectedScript, line 1: WEBGL_debug_renderer_info is deprecated in Firefox and will be removed. Please use RENDERER.
1708943854276	Marionette	INFO	Stopped listening on port 55358
JavaScript warning: https://images-na.ssl-images-amazon.com/images/I/81xk1hDaq+L.js?AUIClients/FWCIMAssets, line 346: Script terminated by timeout at:
t@https://images-na.ssl-images-amazon.com/images/I/81xk1hDaq+L.js?AUIClients/FWCIMAssets:346:279
x/<@https://images-na.ssl-images-amazon.com/images/I/81xk1hDaq+L.js?AUIClients/FWCIMAssets:655:2910

Dynamically enable window occlusion 1
